<!DOCTYPE html PUBLIC "-//W3C//DTD XHTML 1.1//EN" "https://www.w3.org/TR/xhtml11/DTD/xhtml11.dtd">
<html xmlns="https://www.w3.org/1999/xhtml">
<head>
<meta http-equiv="content-type" content="text/html; charset=UTF-8"/>
<title>TestNG Report</title>
<style type="text/css">table {margin-bottom:10px;border-collapse:collapse;empty-cells:show}th,td {border:1px solid #009;padding:.25em .5em}th {vertical-align:bottom}td {vertical-align:top}table a {font-weight:bold}.stripe td {background-color: #E6EBF9}.num {text-align:right}.passedodd td {background-color: #3F3}.passedeven td {background-color: #0A0}.skippedodd td {background-color: #DDD}.skippedeven td {background-color: #CCC}.failedodd td,.attn {background-color: #F33}.failedeven td,.stripe .attn {background-color: #D00}.stacktrace {white-space:pre;font-family:monospace}.totop {font-size:85%;text-align:center;border-bottom:2px solid #000}.invisible {display:none}</style>
</head>
<body>
<table>
<tr><th>Test</th><th># Passed</th><th># Skipped</th><th># Retried</th><th># Failed</th><th>Time (ms)</th><th>Included Groups</th><th>Excluded Groups</th></tr>
<tr><th colspan="8">Suite</th></tr>
<tr><td><a href="#t0">ChromeTest</a></td><td class="num">29</td><td class="num">0</td><td class="num">0</td><td class="num attn">1</td><td class="num">201,378</td><td></td><td></td></tr>
<tr class="stripe"><td><a href="#t1">EdgeTest</a></td><td class="num">28</td><td class="num">0</td><td class="num">0</td><td class="num attn">2</td><td class="num">215,328</td><td></td><td></td></tr>
<tr><th>Total</th><th class="num">57</th><th class="num">0</th><th class="num">0</th><th class="num attn">3</th><th class="num">416,706</th><th colspan="2"></th></tr>
</table>
<table id='summary'><thead><tr><th>Class</th><th>Method</th><th>Start</th><th>Time (ms)</th></tr></thead><tbody><tr><th colspan="4">Suite</th></tr></tbody><tbody id="t0"><tr><th colspan="4">ChromeTest &#8212; failed</th></tr><tr class="failedeven"><td rowspan="1">testCase.TS_02_ValidationOfScheduling</td><td><a href="#m0">validationOfThankYouMessage</a></td><td rowspan="1">1712574124297</td><td rowspan="1">47952</td></tr><tr><th colspan="4">ChromeTest &#8212; passed</th></tr><tr class="passedeven"><td rowspan="5">testCase.TS_01_ValidationOfHomePage</td><td><a href="#m1">copyRightValidation</a></td><td rowspan="1">1712574010032</td><td rowspan="1">1522</td></tr><tr class="passedeven"><td><a href="#m2">downloadValidation</a></td><td rowspan="1">1712573997274</td><td rowspan="1">194</td></tr><tr class="passedeven"><td><a href="#m3">functionalityValidation</a></td><td rowspan="1">1712574035172</td><td rowspan="1">4456</td></tr><tr class="passedeven"><td><a href="#m4">loginValidation</a></td><td rowspan="1">1712574024812</td><td rowspan="1">2129</td></tr><tr class="passedeven"><td><a href="#m5">logoValidation</a></td><td rowspan="1">1712573983775</td><td rowspan="1">284</td></tr><tr class="passedodd"><td rowspan="5">testCase.TS_02_ValidationOfScheduling</td><td><a href="#m6">isHealthIsClickable</a></td><td rowspan="1">1712573989118</td><td rowspan="1">26937</td></tr><tr class="passedodd"><td><a href="#m7">withAllValidDetails</a></td><td rowspan="4">1712574089417</td><td rowspan="4">11373</td></tr><tr class="passedodd"><td><a href="#m8">withAllValidDetails</a></td></tr><tr class="passedodd"><td><a href="#m9">withAllValidDetails</a></td></tr><tr class="passedodd"><td><a href="#m10">withAllValidDetails</a></td></tr><tr class="passedeven"><td rowspan="5">testCase.TS_03_ValidationSergeriesPage</td><td><a href="#m11">allDepartment</a></td><td rowspan="1">1712574059615</td><td rowspan="1">6370</td></tr><tr class="passedeven"><td><a href="#m12">allSurgeries</a></td><td rowspan="1">1712574037853</td><td rowspan="1">5958</td></tr><tr class="passedeven"><td><a href="#m13">contactDetails</a></td><td rowspan="1">1712573984716</td><td rowspan="1">6713</td></tr><tr class="passedeven"><td><a href="#m14">howItWorks</a></td><td rowspan="1">1712574018708</td><td rowspan="1">4121</td></tr><tr class="passedeven"><td><a href="#m15">practoCareBenifits</a></td><td rowspan="1">1712574003490</td><td rowspan="1">5295</td></tr><tr class="passedodd"><td rowspan="5">testCase.TS_04_ValidationOfLabTest</td><td><a href="#m16">addToCartValidation</a></td><td rowspan="1">1712574083080</td><td rowspan="1">10599</td></tr><tr class="passedodd"><td><a href="#m17">allCitiesBlockAvailable</a></td><td rowspan="1">1712574037222</td><td rowspan="1">10592</td></tr><tr class="passedodd"><td><a href="#m18">isLabTestclickable</a></td><td rowspan="1">1712573990984</td><td rowspan="1">16511</td></tr><tr class="passedodd"><td><a href="#m19">needHelpBlockValidation</a></td><td rowspan="1">1712574064073</td><td rowspan="1">10855</td></tr><tr class="passedodd"><td><a href="#m20">topCitiesBlockAvailable</a></td><td rowspan="1">1712574016900</td><td rowspan="1">5124</td></tr><tr class="passedeven"><td rowspan="5">testCase.TS_05_ValidationOfSearchPage</td><td><a href="#m21">dropDownVerification</a></td><td rowspan="1">1712574052287</td><td rowspan="1">29144</td></tr><tr class="passedeven"><td><a href="#m22">professionValidation</a></td><td rowspan="1">1712574122187</td><td rowspan="1">6649</td></tr><tr class="passedeven"><td><a href="#m23">professionVerification</a></td><td rowspan="1">1712574089606</td><td rowspan="1">24882</td></tr><tr class="passedeven"><td><a href="#m24">userVerification</a></td><td rowspan="1">1712574137257</td><td rowspan="1">4831</td></tr><tr class="passedeven"><td><a href="#m25">verifyLocation</a></td><td rowspan="1">1712574149624</td><td rowspan="1">6209</td></tr><tr class="passedodd"><td rowspan="4">testRunner.Runner</td><td><a href="#m26">runScenario</a></td><td rowspan="4">1712574019680</td><td rowspan="4">27661</td></tr><tr class="passedodd"><td><a href="#m27">runScenario</a></td></tr><tr class="passedodd"><td><a href="#m28">runScenario</a></td></tr><tr class="passedodd"><td><a href="#m29">runScenario</a></td></tr></tbody>
<tbody id="t1"><tr><th colspan="4">EdgeTest &#8212; failed</th></tr><tr class="failedeven"><td rowspan="1">testCase.TS_02_ValidationOfScheduling</td><td><a href="#m30">validationOfThankYouMessage</a></td><td rowspan="1">1712574333542</td><td rowspan="1">47583</td></tr><tr class="failedodd"><td rowspan="1">testRunner.Runner</td><td><a href="#m31">runScenario</a></td><td rowspan="1">1712574286629</td><td rowspan="1">65232</td></tr><tr><th colspan="4">EdgeTest &#8212; passed</th></tr><tr class="passedeven"><td rowspan="5">testCase.TS_01_ValidationOfHomePage</td><td><a href="#m32">copyRightValidation</a></td><td rowspan="1">1712574227365</td><td rowspan="1">205</td></tr><tr class="passedeven"><td><a href="#m33">downloadValidation</a></td><td rowspan="1">1712574207040</td><td rowspan="1">1028</td></tr><tr class="passedeven"><td><a href="#m34">functionalityValidation</a></td><td rowspan="1">1712574261045</td><td rowspan="1">541</td></tr><tr class="passedeven"><td><a href="#m35">loginValidation</a></td><td rowspan="1">1712574241995</td><td rowspan="1">226</td></tr><tr class="passedeven"><td><a href="#m36">logoValidation</a></td><td rowspan="1">1712574190086</td><td rowspan="1">553</td></tr><tr class="passedodd"><td rowspan="5">testCase.TS_02_ValidationOfScheduling</td><td><a href="#m37">isHealthIsClickable</a></td><td rowspan="1">1712574192161</td><td rowspan="1">9120</td></tr><tr class="passedodd"><td><a href="#m38">withAllValidDetails</a></td><td rowspan="4">1712574315767</td><td rowspan="4">7183</td></tr><tr class="passedodd"><td><a href="#m39">withAllValidDetails</a></td></tr><tr class="passedodd"><td><a href="#m40">withAllValidDetails</a></td></tr><tr class="passedodd"><td><a href="#m41">withAllValidDetails</a></td></tr><tr class="passedeven"><td rowspan="5">testCase.TS_03_ValidationSergeriesPage</td><td><a href="#m42">allDepartment</a></td><td rowspan="1">1712574277201</td><td rowspan="1">5248</td></tr><tr class="passedeven"><td><a href="#m43">allSurgeries</a></td><td rowspan="1">1712574253754</td><td rowspan="1">5007</td></tr><tr class="passedeven"><td><a href="#m44">contactDetails</a></td><td rowspan="1">1712574188056</td><td rowspan="1">3819</td></tr><tr class="passedeven"><td><a href="#m45">howItWorks</a></td><td rowspan="1">1712574230601</td><td rowspan="1">6150</td></tr><tr class="passedeven"><td><a href="#m46">practoCareBenifits</a></td><td rowspan="1">1712574211145</td><td rowspan="1">1849</td></tr><tr class="passedodd"><td rowspan="5">testCase.TS_04_ValidationOfLabTest</td><td><a href="#m47">addToCartValidation</a></td><td rowspan="1">1712574293432</td><td rowspan="1">14348</td></tr><tr class="passedodd"><td><a href="#m48">allCitiesBlockAvailable</a></td><td rowspan="1">1712574243539</td><td rowspan="1">8416</td></tr><tr class="passedodd"><td><a href="#m49">isLabTestclickable</a></td><td rowspan="1">1712574193285</td><td rowspan="1">10247</td></tr><tr class="passedodd"><td><a href="#m50">needHelpBlockValidation</a></td><td rowspan="1">1712574265633</td><td rowspan="1">13195</td></tr><tr class="passedodd"><td><a href="#m51">topCitiesBlockAvailable</a></td><td rowspan="1">1712574221242</td><td rowspan="1">9998</td></tr><tr class="passedeven"><td rowspan="5">testCase.TS_05_ValidationOfSearchPage</td><td><a href="#m52">dropDownVerification</a></td><td rowspan="1">1712574277211</td><td rowspan="1">25854</td></tr><tr class="passedeven"><td><a href="#m53">professionValidation</a></td><td rowspan="1">1712574345074</td><td rowspan="1">6118</td></tr><tr class="passedeven"><td><a href="#m54">professionVerification</a></td><td rowspan="1">1712574313409</td><td rowspan="1">22177</td></tr><tr class="passedeven"><td><a href="#m55">userVerification</a></td><td rowspan="1">1712574361151</td><td rowspan="1">5703</td></tr><tr class="passedeven"><td><a href="#m56">verifyLocation</a></td><td rowspan="1">1712574377185</td><td rowspan="1">9472</td></tr><tr class="passedodd"><td rowspan="3">testRunner.Runner</td><td><a href="#m57">runScenario</a></td><td rowspan="3">1712574212949</td><td rowspan="3">41704</td></tr><tr class="passedodd"><td><a href="#m58">runScenario</a></td></tr><tr class="passedodd"><td><a href="#m59">runScenario</a></td></tr></tbody>
</table>
<h2>ChromeTest</h2><h3 id="m0">testCase.TS_02_ValidationOfScheduling#validationOfThankYouMessage</h3><table class="result"><tr><th>Exception</th></tr><tr><td><div class="stacktrace">org.openqa.selenium.NoSuchElementException: no such element: Unable to locate element: {&quot;method&quot;:&quot;xpath&quot;,&quot;selector&quot;:&quot;//div[@class=&apos;u-text--bold text-alpha&apos;]&quot;}
  (Session info: chrome=120.0.6099.130)
For documentation on this error, please visit: https://www.selenium.dev/documentation/webdriver/troubleshooting/errors#no-such-element-exception
Build info: version: &apos;4.19.1&apos;, revision: &apos;abe0ee07dc&apos;
System info: os.name: &apos;Windows 11&apos;, os.arch: &apos;amd64&apos;, os.version: &apos;10.0&apos;, java.version: &apos;17.0.9&apos;
Driver info: org.openqa.selenium.chrome.ChromeDriver
Command: [7acbb126f39b6f25290a0e570b5aa784, findElement {value=//div[@class=&apos;u-text--bold text-alpha&apos;], using=xpath}]
Capabilities {acceptInsecureCerts: false, browserName: chrome, browserVersion: 120.0.6099.130, chrome: {chromedriverVersion: 120.0.6099.109 (3419140ab66..., userDataDir: C:\WINDOWS\SystemTemp\scope...}, fedcm:accounts: true, goog:chromeOptions: {debuggerAddress: localhost:54742}, networkConnectionEnabled: false, pageLoadStrategy: normal, platformName: windows, proxy: Proxy(), se:cdp: ws://localhost:54742/devtoo..., se:cdpVersion: 120.0.6099.130, setWindowRect: true, strictFileInteractability: false, timeouts: {implicit: 0, pageLoad: 300000, script: 30000}, unhandledPromptBehavior: dismiss and notify, webauthn:extension:credBlob: true, webauthn:extension:largeBlob: true, webauthn:extension:minPinLength: true, webauthn:extension:prf: true, webauthn:virtualAuthenticators: true}
Session ID: 7acbb126f39b6f25290a0e570b5aa784
	at org.openqa.selenium.remote.ErrorCodec.decode(ErrorCodec.java:167)
	at org.openqa.selenium.remote.codec.w3c.W3CHttpResponseCodec.decode(W3CHttpResponseCodec.java:138)
	at org.openqa.selenium.remote.codec.w3c.W3CHttpResponseCodec.decode(W3CHttpResponseCodec.java:50)
	at org.openqa.selenium.remote.HttpCommandExecutor.execute(HttpCommandExecutor.java:190)
	at org.openqa.selenium.remote.service.DriverCommandExecutor.invokeExecute(DriverCommandExecutor.java:216)
	at org.openqa.selenium.remote.service.DriverCommandExecutor.execute(DriverCommandExecutor.java:174)
	at org.openqa.selenium.remote.RemoteWebDriver.execute(RemoteWebDriver.java:518)
	at org.openqa.selenium.remote.ElementLocation$ElementFinder$2.findElement(ElementLocation.java:165)
	at org.openqa.selenium.remote.ElementLocation.findElement(ElementLocation.java:59)
	at org.openqa.selenium.remote.RemoteWebDriver.findElement(RemoteWebDriver.java:355)
	at org.openqa.selenium.remote.RemoteWebDriver.findElement(RemoteWebDriver.java:349)
	at org.openqa.selenium.support.pagefactory.DefaultElementLocator.findElement(DefaultElementLocator.java:68)
	at org.openqa.selenium.support.pagefactory.internal.LocatingElementHandler.invoke(LocatingElementHandler.java:38)
	at jdk.proxy2/jdk.proxy2.$Proxy28.getText(Unknown Source)
	at pageObjectModel.EmployeeHealthElements.getConformationMessage(EmployeeHealthElements.java:92)
	at testCase.TS_02_ValidationOfScheduling.validationOfThankYouMessage(TS_02_ValidationOfScheduling.java:108)
	at java.base/java.util.concurrent.Executors$RunnableAdapter.call(Executors.java:539)
	at java.base/java.util.concurrent.FutureTask.run(FutureTask.java:264)
	at java.base/java.util.concurrent.ThreadPoolExecutor.runWorker(ThreadPoolExecutor.java:1136)
	at java.base/java.util.concurrent.ThreadPoolExecutor$Worker.run(ThreadPoolExecutor.java:635)
	at java.base/java.lang.Thread.run(Thread.java:840)
... Removed 18 stack frames</div></td></tr></table><p class="totop"><a href="#summary">back to summary</a></p>
<h3 id="m1">testCase.TS_01_ValidationOfHomePage#copyRightValidation</h3><table class="result"><tr><th class="invisible"/></tr></table><p class="totop"><a href="#summary">back to summary</a></p>
<h3 id="m2">testCase.TS_01_ValidationOfHomePage#downloadValidation</h3><table class="result"><tr><th class="invisible"/></tr></table><p class="totop"><a href="#summary">back to summary</a></p>
<h3 id="m3">testCase.TS_01_ValidationOfHomePage#functionalityValidation</h3><table class="result"><tr><th class="invisible"/></tr></table><p class="totop"><a href="#summary">back to summary</a></p>
<h3 id="m4">testCase.TS_01_ValidationOfHomePage#loginValidation</h3><table class="result"><tr><th class="invisible"/></tr></table><p class="totop"><a href="#summary">back to summary</a></p>
<h3 id="m5">testCase.TS_01_ValidationOfHomePage#logoValidation</h3><table class="result"><tr><th class="invisible"/></tr></table><p class="totop"><a href="#summary">back to summary</a></p>
<h3 id="m6">testCase.TS_02_ValidationOfScheduling#isHealthIsClickable</h3><table class="result"><tr><th class="invisible"/></tr></table><p class="totop"><a href="#summary">back to summary</a></p>
<h3 id="m7">testCase.TS_02_ValidationOfScheduling#withAllValidDetails</h3><table class="result"><tr class="param"><th>Parameter #1</th></tr><tr class="param stripe"><td>[Vignesh, Cognizant, 501-1000, Referring someone, 9600351227, vignesh.avk@gmail., false]</td></tr></table><p class="totop"><a href="#summary">back to summary</a></p>
<h3 id="m8">testCase.TS_02_ValidationOfScheduling#withAllValidDetails</h3><table class="result"><tr class="param"><th>Parameter #1</th></tr><tr class="param stripe"><td>[Vignesh, Cognizant, 501-1000, Referring someone, 96003512277, vignesh.avk@gmail.com, false]</td></tr></table><p class="totop"><a href="#summary">back to summary</a></p>
<h3 id="m9">testCase.TS_02_ValidationOfScheduling#withAllValidDetails</h3><table class="result"><tr class="param"><th>Parameter #1</th></tr><tr class="param stripe"><td>[Vignesh, Cognizant, 501-1000, Referring someone, 96003512277, vignesh.avk@gmail., false]</td></tr></table><p class="totop"><a href="#summary">back to summary</a></p>
<h3 id="m10">testCase.TS_02_ValidationOfScheduling#withAllValidDetails</h3><table class="result"><tr class="param"><th>Parameter #1</th></tr><tr class="param stripe"><td>[Vignesh, Cognizant, 501-1000, Referring someone, 9600351227, vignesh.avk@gmail.com, true]</td></tr></table><p class="totop"><a href="#summary">back to summary</a></p>
<h3 id="m11">testCase.TS_03_ValidationSergeriesPage#allDepartment</h3><table class="result"><tr><th class="invisible"/></tr></table><p class="totop"><a href="#summary">back to summary</a></p>
<h3 id="m12">testCase.TS_03_ValidationSergeriesPage#allSurgeries</h3><table class="result"><tr><th class="invisible"/></tr></table><p class="totop"><a href="#summary">back to summary</a></p>
<h3 id="m13">testCase.TS_03_ValidationSergeriesPage#contactDetails</h3><table class="result"><tr><th class="invisible"/></tr></table><p class="totop"><a href="#summary">back to summary</a></p>
<h3 id="m14">testCase.TS_03_ValidationSergeriesPage#howItWorks</h3><table class="result"><tr><th class="invisible"/></tr></table><p class="totop"><a href="#summary">back to summary</a></p>
<h3 id="m15">testCase.TS_03_ValidationSergeriesPage#practoCareBenifits</h3><table class="result"><tr><th class="invisible"/></tr></table><p class="totop"><a href="#summary">back to summary</a></p>
<h3 id="m16">testCase.TS_04_ValidationOfLabTest#addToCartValidation</h3><table class="result"><tr><th class="invisible"/></tr></table><p class="totop"><a href="#summary">back to summary</a></p>
<h3 id="m17">testCase.TS_04_ValidationOfLabTest#allCitiesBlockAvailable</h3><table class="result"><tr><th class="invisible"/></tr></table><p class="totop"><a href="#summary">back to summary</a></p>
<h3 id="m18">testCase.TS_04_ValidationOfLabTest#isLabTestclickable</h3><table class="result"><tr><th class="invisible"/></tr></table><p class="totop"><a href="#summary">back to summary</a></p>
<h3 id="m19">testCase.TS_04_ValidationOfLabTest#needHelpBlockValidation</h3><table class="result"><tr><th class="invisible"/></tr></table><p class="totop"><a href="#summary">back to summary</a></p>
<h3 id="m20">testCase.TS_04_ValidationOfLabTest#topCitiesBlockAvailable</h3><table class="result"><tr><th class="invisible"/></tr></table><p class="totop"><a href="#summary">back to summary</a></p>
<h3 id="m21">testCase.TS_05_ValidationOfSearchPage#dropDownVerification</h3><table class="result"><tr><th class="invisible"/></tr></table><p class="totop"><a href="#summary">back to summary</a></p>
<h3 id="m22">testCase.TS_05_ValidationOfSearchPage#professionValidation</h3><table class="result"><tr><th class="invisible"/></tr></table><p class="totop"><a href="#summary">back to summary</a></p>
<h3 id="m23">testCase.TS_05_ValidationOfSearchPage#professionVerification</h3><table class="result"><tr><th class="invisible"/></tr></table><p class="totop"><a href="#summary">back to summary</a></p>
<h3 id="m24">testCase.TS_05_ValidationOfSearchPage#userVerification</h3><table class="result"><tr><th class="invisible"/></tr></table><p class="totop"><a href="#summary">back to summary</a></p>
<h3 id="m25">testCase.TS_05_ValidationOfSearchPage#verifyLocation</h3><table class="result"><tr><th class="invisible"/></tr></table><p class="totop"><a href="#summary">back to summary</a></p>
<h3 id="m26">testRunner.Runner#runScenario</h3><table class="result"><tr class="param"><th>Parameter #1</th><th>Parameter #2</th></tr><tr class="param stripe"><td>&quot;Login-button Disabled&quot;</td><td>&quot;Validation of Schedule a Demo Form&quot;</td></tr></table><p class="totop"><a href="#summary">back to summary</a></p>
<h3 id="m27">testRunner.Runner#runScenario</h3><table class="result"><tr class="param"><th>Parameter #1</th><th>Parameter #2</th></tr><tr class="param stripe"><td>&quot;Login-button Disabled&quot;</td><td>&quot;Validation of Schedule a Demo Form&quot;</td></tr></table><p class="totop"><a href="#summary">back to summary</a></p>
<h3 id="m28">testRunner.Runner#runScenario</h3><table class="result"><tr class="param"><th>Parameter #1</th><th>Parameter #2</th></tr><tr class="param stripe"><td>&quot;Login-button enabled&quot;</td><td>&quot;Validation of Schedule a Demo Form&quot;</td></tr></table><p class="totop"><a href="#summary">back to summary</a></p>
<h3 id="m29">testRunner.Runner#runScenario</h3><table class="result"><tr class="param"><th>Parameter #1</th><th>Parameter #2</th></tr><tr class="param stripe"><td>&quot;Login-button Disabled&quot;</td><td>&quot;Validation of Schedule a Demo Form&quot;</td></tr></table><p class="totop"><a href="#summary">back to summary</a></p>
<h2>EdgeTest</h2><h3 id="m30">testCase.TS_02_ValidationOfScheduling#validationOfThankYouMessage</h3><table class="result"><tr><th>Exception</th></tr><tr><td><div class="stacktrace">org.openqa.selenium.NoSuchElementException: no such element: Unable to locate element: {&quot;method&quot;:&quot;xpath&quot;,&quot;selector&quot;:&quot;//div[@class=&apos;u-text--bold text-alpha&apos;]&quot;}
  (Session info: MicrosoftEdge=123.0.2420.81)
For documentation on this error, please visit: https://www.selenium.dev/documentation/webdriver/troubleshooting/errors#no-such-element-exception
Build info: version: &apos;4.19.1&apos;, revision: &apos;abe0ee07dc&apos;
System info: os.name: &apos;Windows 11&apos;, os.arch: &apos;amd64&apos;, os.version: &apos;10.0&apos;, java.version: &apos;17.0.9&apos;
Driver info: org.openqa.selenium.edge.EdgeDriver
Command: [eae16b8bc9d3376ba344e340d2fbdbf2, findElement {value=//div[@class=&apos;u-text--bold text-alpha&apos;], using=xpath}]
Capabilities {acceptInsecureCerts: false, browserName: MicrosoftEdge, browserVersion: 123.0.2420.81, fedcm:accounts: true, ms:edgeOptions: {debuggerAddress: localhost:57661}, msedge: {msedgedriverVersion: 123.0.2420.81 (8acdca46cf48..., userDataDir: C:\WINDOWS\SystemTemp\scope...}, networkConnectionEnabled: false, pageLoadStrategy: normal, platformName: windows, proxy: Proxy(), se:cdp: ws://localhost:57661/devtoo..., se:cdpVersion: 123.0.2420.81, setWindowRect: true, strictFileInteractability: false, timeouts: {implicit: 0, pageLoad: 300000, script: 30000}, unhandledPromptBehavior: dismiss and notify, webauthn:extension:credBlob: true, webauthn:extension:largeBlob: true, webauthn:extension:minPinLength: true, webauthn:extension:prf: true, webauthn:virtualAuthenticators: true}
Session ID: eae16b8bc9d3376ba344e340d2fbdbf2
	at org.openqa.selenium.remote.ErrorCodec.decode(ErrorCodec.java:167)
	at org.openqa.selenium.remote.codec.w3c.W3CHttpResponseCodec.decode(W3CHttpResponseCodec.java:138)
	at org.openqa.selenium.remote.codec.w3c.W3CHttpResponseCodec.decode(W3CHttpResponseCodec.java:50)
	at org.openqa.selenium.remote.HttpCommandExecutor.execute(HttpCommandExecutor.java:190)
	at org.openqa.selenium.remote.service.DriverCommandExecutor.invokeExecute(DriverCommandExecutor.java:216)
	at org.openqa.selenium.remote.service.DriverCommandExecutor.execute(DriverCommandExecutor.java:174)
	at org.openqa.selenium.remote.RemoteWebDriver.execute(RemoteWebDriver.java:518)
	at org.openqa.selenium.remote.ElementLocation$ElementFinder$2.findElement(ElementLocation.java:165)
	at org.openqa.selenium.remote.ElementLocation.findElement(ElementLocation.java:59)
	at org.openqa.selenium.remote.RemoteWebDriver.findElement(RemoteWebDriver.java:355)
	at org.openqa.selenium.remote.RemoteWebDriver.findElement(RemoteWebDriver.java:349)
	at org.openqa.selenium.support.pagefactory.DefaultElementLocator.findElement(DefaultElementLocator.java:68)
	at org.openqa.selenium.support.pagefactory.internal.LocatingElementHandler.invoke(LocatingElementHandler.java:38)
	at jdk.proxy2/jdk.proxy2.$Proxy28.getText(Unknown Source)
	at pageObjectModel.EmployeeHealthElements.getConformationMessage(EmployeeHealthElements.java:92)
	at testCase.TS_02_ValidationOfScheduling.validationOfThankYouMessage(TS_02_ValidationOfScheduling.java:108)
	at java.base/java.util.concurrent.Executors$RunnableAdapter.call(Executors.java:539)
	at java.base/java.util.concurrent.FutureTask.run(FutureTask.java:264)
	at java.base/java.util.concurrent.ThreadPoolExecutor.runWorker(ThreadPoolExecutor.java:1136)
	at java.base/java.util.concurrent.ThreadPoolExecutor$Worker.run(ThreadPoolExecutor.java:635)
	at java.base/java.lang.Thread.run(Thread.java:840)
... Removed 18 stack frames</div></td></tr></table><p class="totop"><a href="#summary">back to summary</a></p>
<h3 id="m31">testRunner.Runner#runScenario</h3><table class="result"><tr class="param"><th>Parameter #1</th><th>Parameter #2</th></tr><tr class="param stripe"><td>&quot;Login-button enabled&quot;</td><td>&quot;Validation of Schedule a Demo Form&quot;</td></tr><tr><th colspan="2">Exception</th></tr><tr><td colspan="2"><div class="stacktrace">org.openqa.selenium.NoSuchElementException: no such element: Unable to locate element: {&quot;method&quot;:&quot;xpath&quot;,&quot;selector&quot;:&quot;//div[@class=&apos;u-text--bold text-alpha&apos;]&quot;}
  (Session info: chrome=120.0.6099.130)
For documentation on this error, please visit: https://www.selenium.dev/documentation/webdriver/troubleshooting/errors#no-such-element-exception
Build info: version: &apos;4.19.1&apos;, revision: &apos;abe0ee07dc&apos;
System info: os.name: &apos;Windows 11&apos;, os.arch: &apos;amd64&apos;, os.version: &apos;10.0&apos;, java.version: &apos;17.0.9&apos;
Driver info: org.openqa.selenium.chrome.ChromeDriver
Command: [e0d40af6982531f3074c699341e56943, findElement {value=//div[@class=&apos;u-text--bold text-alpha&apos;], using=xpath}]
Capabilities {acceptInsecureCerts: false, browserName: chrome, browserVersion: 120.0.6099.130, chrome: {chromedriverVersion: 120.0.6099.109 (3419140ab66..., userDataDir: C:\WINDOWS\SystemTemp\scope...}, fedcm:accounts: true, goog:chromeOptions: {debuggerAddress: localhost:57091}, networkConnectionEnabled: false, pageLoadStrategy: normal, platformName: windows, proxy: Proxy(), se:cdp: ws://localhost:57091/devtoo..., se:cdpVersion: 120.0.6099.130, setWindowRect: true, strictFileInteractability: false, timeouts: {implicit: 0, pageLoad: 300000, script: 30000}, unhandledPromptBehavior: dismiss and notify, webauthn:extension:credBlob: true, webauthn:extension:largeBlob: true, webauthn:extension:minPinLength: true, webauthn:extension:prf: true, webauthn:virtualAuthenticators: true}
Session ID: e0d40af6982531f3074c699341e56943
	at org.openqa.selenium.remote.ErrorCodec.decode(ErrorCodec.java:167)
	at org.openqa.selenium.remote.codec.w3c.W3CHttpResponseCodec.decode(W3CHttpResponseCodec.java:138)
	at org.openqa.selenium.remote.codec.w3c.W3CHttpResponseCodec.decode(W3CHttpResponseCodec.java:50)
	at org.openqa.selenium.remote.HttpCommandExecutor.execute(HttpCommandExecutor.java:190)
	at org.openqa.selenium.remote.service.DriverCommandExecutor.invokeExecute(DriverCommandExecutor.java:216)
	at org.openqa.selenium.remote.service.DriverCommandExecutor.execute(DriverCommandExecutor.java:174)
	at org.openqa.selenium.remote.RemoteWebDriver.execute(RemoteWebDriver.java:518)
	at org.openqa.selenium.remote.ElementLocation$ElementFinder$2.findElement(ElementLocation.java:165)
	at org.openqa.selenium.remote.ElementLocation.findElement(ElementLocation.java:59)
	at org.openqa.selenium.remote.RemoteWebDriver.findElement(RemoteWebDriver.java:355)
	at org.openqa.selenium.remote.RemoteWebDriver.findElement(RemoteWebDriver.java:349)
	at org.openqa.selenium.support.pagefactory.DefaultElementLocator.findElement(DefaultElementLocator.java:68)
	at org.openqa.selenium.support.pagefactory.internal.LocatingElementHandler.invoke(LocatingElementHandler.java:38)
	at jdk.proxy2/jdk.proxy2.$Proxy28.getText(Unknown Source)
	at pageObjectModel.EmployeeHealthElements.getConformationMessage(EmployeeHealthElements.java:92)
	at steps.testSteps.loginButtonShouldBeEnabeld(testSteps.java:77)
	at âœ½.Login button should be enabeld(file:///C:/Users/2318922/OneDrive%20-%20Cognizant/Project/FindingHospitals/src/test/java/features/Schedule.feature:26)
... Removed 5 stack frames</div></td></tr></table><p class="totop"><a href="#summary">back to summary</a></p>
<h3 id="m32">testCase.TS_01_ValidationOfHomePage#copyRightValidation</h3><table class="result"><tr><th class="invisible"/></tr></table><p class="totop"><a href="#summary">back to summary</a></p>
<h3 id="m33">testCase.TS_01_ValidationOfHomePage#downloadValidation</h3><table class="result"><tr><th class="invisible"/></tr></table><p class="totop"><a href="#summary">back to summary</a></p>
<h3 id="m34">testCase.TS_01_ValidationOfHomePage#functionalityValidation</h3><table class="result"><tr><th class="invisible"/></tr></table><p class="totop"><a href="#summary">back to summary</a></p>
<h3 id="m35">testCase.TS_01_ValidationOfHomePage#loginValidation</h3><table class="result"><tr><th class="invisible"/></tr></table><p class="totop"><a href="#summary">back to summary</a></p>
<h3 id="m36">testCase.TS_01_ValidationOfHomePage#logoValidation</h3><table class="result"><tr><th class="invisible"/></tr></table><p class="totop"><a href="#summary">back to summary</a></p>
<h3 id="m37">testCase.TS_02_ValidationOfScheduling#isHealthIsClickable</h3><table class="result"><tr><th class="invisible"/></tr></table><p class="totop"><a href="#summary">back to summary</a></p>
<h3 id="m38">testCase.TS_02_ValidationOfScheduling#withAllValidDetails</h3><table class="result"><tr class="param"><th>Parameter #1</th></tr><tr class="param stripe"><td>[Vignesh, Cognizant, 501-1000, Referring someone, 96003512277, vignesh.avk@gmail., false]</td></tr></table><p class="totop"><a href="#summary">back to summary</a></p>
<h3 id="m39">testCase.TS_02_ValidationOfScheduling#withAllValidDetails</h3><table class="result"><tr class="param"><th>Parameter #1</th></tr><tr class="param stripe"><td>[Vignesh, Cognizant, 501-1000, Referring someone, 9600351227, vignesh.avk@gmail.com, true]</td></tr></table><p class="totop"><a href="#summary">back to summary</a></p>
<h3 id="m40">testCase.TS_02_ValidationOfScheduling#withAllValidDetails</h3><table class="result"><tr class="param"><th>Parameter #1</th></tr><tr class="param stripe"><td>[Vignesh, Cognizant, 501-1000, Referring someone, 9600351227, vignesh.avk@gmail., false]</td></tr></table><p class="totop"><a href="#summary">back to summary</a></p>
<h3 id="m41">testCase.TS_02_ValidationOfScheduling#withAllValidDetails</h3><table class="result"><tr class="param"><th>Parameter #1</th></tr><tr class="param stripe"><td>[Vignesh, Cognizant, 501-1000, Referring someone, 96003512277, vignesh.avk@gmail.com, false]</td></tr></table><p class="totop"><a href="#summary">back to summary</a></p>
<h3 id="m42">testCase.TS_03_ValidationSergeriesPage#allDepartment</h3><table class="result"><tr><th class="invisible"/></tr></table><p class="totop"><a href="#summary">back to summary</a></p>
<h3 id="m43">testCase.TS_03_ValidationSergeriesPage#allSurgeries</h3><table class="result"><tr><th class="invisible"/></tr></table><p class="totop"><a href="#summary">back to summary</a></p>
<h3 id="m44">testCase.TS_03_ValidationSergeriesPage#contactDetails</h3><table class="result"><tr><th class="invisible"/></tr></table><p class="totop"><a href="#summary">back to summary</a></p>
<h3 id="m45">testCase.TS_03_ValidationSergeriesPage#howItWorks</h3><table class="result"><tr><th class="invisible"/></tr></table><p class="totop"><a href="#summary">back to summary</a></p>
<h3 id="m46">testCase.TS_03_ValidationSergeriesPage#practoCareBenifits</h3><table class="result"><tr><th class="invisible"/></tr></table><p class="totop"><a href="#summary">back to summary</a></p>
<h3 id="m47">testCase.TS_04_ValidationOfLabTest#addToCartValidation</h3><table class="result"><tr><th class="invisible"/></tr></table><p class="totop"><a href="#summary">back to summary</a></p>
<h3 id="m48">testCase.TS_04_ValidationOfLabTest#allCitiesBlockAvailable</h3><table class="result"><tr><th class="invisible"/></tr></table><p class="totop"><a href="#summary">back to summary</a></p>
<h3 id="m49">testCase.TS_04_ValidationOfLabTest#isLabTestclickable</h3><table class="result"><tr><th class="invisible"/></tr></table><p class="totop"><a href="#summary">back to summary</a></p>
<h3 id="m50">testCase.TS_04_ValidationOfLabTest#needHelpBlockValidation</h3><table class="result"><tr><th class="invisible"/></tr></table><p class="totop"><a href="#summary">back to summary</a></p>
<h3 id="m51">testCase.TS_04_ValidationOfLabTest#topCitiesBlockAvailable</h3><table class="result"><tr><th class="invisible"/></tr></table><p class="totop"><a href="#summary">back to summary</a></p>
<h3 id="m52">testCase.TS_05_ValidationOfSearchPage#dropDownVerification</h3><table class="result"><tr><th class="invisible"/></tr></table><p class="totop"><a href="#summary">back to summary</a></p>
<h3 id="m53">testCase.TS_05_ValidationOfSearchPage#professionValidation</h3><table class="result"><tr><th class="invisible"/></tr></table><p class="totop"><a href="#summary">back to summary</a></p>
<h3 id="m54">testCase.TS_05_ValidationOfSearchPage#professionVerification</h3><table class="result"><tr><th class="invisible"/></tr></table><p class="totop"><a href="#summary">back to summary</a></p>
<h3 id="m55">testCase.TS_05_ValidationOfSearchPage#userVerification</h3><table class="result"><tr><th class="invisible"/></tr></table><p class="totop"><a href="#summary">back to summary</a></p>
<h3 id="m56">testCase.TS_05_ValidationOfSearchPage#verifyLocation</h3><table class="result"><tr><th class="invisible"/></tr></table><p class="totop"><a href="#summary">back to summary</a></p>
<h3 id="m57">testRunner.Runner#runScenario</h3><table class="result"><tr class="param"><th>Parameter #1</th><th>Parameter #2</th></tr><tr class="param stripe"><td>&quot;Login-button Disabled&quot;</td><td>&quot;Validation of Schedule a Demo Form&quot;</td></tr></table><p class="totop"><a href="#summary">back to summary</a></p>
<h3 id="m58">testRunner.Runner#runScenario</h3><table class="result"><tr class="param"><th>Parameter #1</th><th>Parameter #2</th></tr><tr class="param stripe"><td>&quot;Login-button Disabled&quot;</td><td>&quot;Validation of Schedule a Demo Form&quot;</td></tr></table><p class="totop"><a href="#summary">back to summary</a></p>
<h3 id="m59">testRunner.Runner#runScenario</h3><table class="result"><tr class="param"><th>Parameter #1</th><th>Parameter #2</th></tr><tr class="param stripe"><td>&quot;Login-button Disabled&quot;</td><td>&quot;Validation of Schedule a Demo Form&quot;</td></tr></table><p class="totop"><a href="#summary">back to summary</a></p>
</body>
</html>
