<?xml version="1.0" encoding="UTF-8"?>
<testng-results ignored="0" total="60" passed="57" failed="3" skipped="0">
  <reporter-output>
  </reporter-output>
  <suite started-at="2024-04-08T16:29:33 IST" name="Suite" finished-at="2024-04-08T16:36:30 IST" duration-ms="417062">
    <groups>
      <group name="cucumber">
        <method signature="AbstractTestNGCucumberTests.runScenario(io.cucumber.testng.PickleWrapper,io.cucumber.testng.FeatureWrapper)[pri:0, instance:testRunner.Runner@c05fddc]" name="runScenario" class="io.cucumber.testng.AbstractTestNGCucumberTests"/>
        <method signature="AbstractTestNGCucumberTests.runScenario(io.cucumber.testng.PickleWrapper,io.cucumber.testng.FeatureWrapper)[pri:0, instance:testRunner.Runner@14bdbc74]" name="runScenario" class="io.cucumber.testng.AbstractTestNGCucumberTests"/>
      </group> <!-- cucumber -->
    </groups>
    <test started-at="2024-04-08T16:29:33 IST" name="ChromeTest" finished-at="2024-04-08T16:32:55 IST" duration-ms="201378">
      <class name="testCase.TS_04_ValidationOfLabTest">
        <test-method is-config="true" signature="beforeMethod(java.lang.String)[pri:0, instance:testCase.TS_04_ValidationOfLabTest@69c81773]" started-at="2024-04-08T16:29:34 IST" name="beforeMethod" finished-at="2024-04-08T16:29:50 IST" duration-ms="16912" status="PASS">
          <params>
            <param index="0">
              <value>
                <![CDATA[Chrome]]>
              </value>
            </param>
          </params>
          <reporter-output>
          </reporter-output>
        </test-method> <!-- beforeMethod -->
        <test-method signature="isLabTestclickable()[pri:16, instance:testCase.TS_04_ValidationOfLabTest@69c81773]" started-at="2024-04-08T16:29:50 IST" name="isLabTestclickable" finished-at="2024-04-08T16:30:07 IST" duration-ms="16511" status="PASS">
          <reporter-output>
          </reporter-output>
        </test-method> <!-- isLabTestclickable -->
        <test-method is-config="true" signature="tearDown()[pri:0, instance:testCase.TS_04_ValidationOfLabTest@69c81773]" started-at="2024-04-08T16:30:07 IST" name="tearDown" finished-at="2024-04-08T16:30:09 IST" duration-ms="2212" status="PASS">
          <reporter-output>
          </reporter-output>
        </test-method> <!-- tearDown -->
        <test-method is-config="true" signature="beforeMethod(java.lang.String)[pri:0, instance:testCase.TS_04_ValidationOfLabTest@69c81773]" started-at="2024-04-08T16:30:09 IST" name="beforeMethod" finished-at="2024-04-08T16:30:16 IST" duration-ms="7189" status="PASS">
          <params>
            <param index="0">
              <value>
                <![CDATA[Chrome]]>
              </value>
            </param>
          </params>
          <reporter-output>
          </reporter-output>
        </test-method> <!-- beforeMethod -->
        <test-method signature="topCitiesBlockAvailable()[pri:17, instance:testCase.TS_04_ValidationOfLabTest@69c81773]" started-at="2024-04-08T16:30:16 IST" name="topCitiesBlockAvailable" finished-at="2024-04-08T16:30:22 IST" duration-ms="5124" status="PASS">
          <reporter-output>
          </reporter-output>
        </test-method> <!-- topCitiesBlockAvailable -->
        <test-method is-config="true" signature="tearDown()[pri:0, instance:testCase.TS_04_ValidationOfLabTest@69c81773]" started-at="2024-04-08T16:30:22 IST" name="tearDown" finished-at="2024-04-08T16:30:24 IST" duration-ms="2896" status="PASS">
          <reporter-output>
          </reporter-output>
        </test-method> <!-- tearDown -->
        <test-method is-config="true" signature="beforeMethod(java.lang.String)[pri:0, instance:testCase.TS_04_ValidationOfLabTest@69c81773]" started-at="2024-04-08T16:30:24 IST" name="beforeMethod" finished-at="2024-04-08T16:30:37 IST" duration-ms="12298" status="PASS">
          <params>
            <param index="0">
              <value>
                <![CDATA[Chrome]]>
              </value>
            </param>
          </params>
          <reporter-output>
          </reporter-output>
        </test-method> <!-- beforeMethod -->
        <test-method signature="allCitiesBlockAvailable()[pri:18, instance:testCase.TS_04_ValidationOfLabTest@69c81773]" started-at="2024-04-08T16:30:37 IST" name="allCitiesBlockAvailable" finished-at="2024-04-08T16:30:47 IST" duration-ms="10592" status="PASS">
          <reporter-output>
          </reporter-output>
        </test-method> <!-- allCitiesBlockAvailable -->
        <test-method is-config="true" signature="tearDown()[pri:0, instance:testCase.TS_04_ValidationOfLabTest@69c81773]" started-at="2024-04-08T16:30:47 IST" name="tearDown" finished-at="2024-04-08T16:30:50 IST" duration-ms="2935" status="PASS">
          <reporter-output>
          </reporter-output>
        </test-method> <!-- tearDown -->
        <test-method is-config="true" signature="beforeMethod(java.lang.String)[pri:0, instance:testCase.TS_04_ValidationOfLabTest@69c81773]" started-at="2024-04-08T16:30:50 IST" name="beforeMethod" finished-at="2024-04-08T16:31:04 IST" duration-ms="13320" status="PASS">
          <params>
            <param index="0">
              <value>
                <![CDATA[Chrome]]>
              </value>
            </param>
          </params>
          <reporter-output>
          </reporter-output>
        </test-method> <!-- beforeMethod -->
        <test-method signature="needHelpBlockValidation()[pri:19, instance:testCase.TS_04_ValidationOfLabTest@69c81773]" started-at="2024-04-08T16:31:04 IST" name="needHelpBlockValidation" finished-at="2024-04-08T16:31:14 IST" duration-ms="10855" status="PASS">
          <reporter-output>
          </reporter-output>
        </test-method> <!-- needHelpBlockValidation -->
        <test-method is-config="true" signature="tearDown()[pri:0, instance:testCase.TS_04_ValidationOfLabTest@69c81773]" started-at="2024-04-08T16:31:14 IST" name="tearDown" finished-at="2024-04-08T16:31:16 IST" duration-ms="1921" status="PASS">
          <reporter-output>
          </reporter-output>
        </test-method> <!-- tearDown -->
        <test-method is-config="true" signature="beforeMethod(java.lang.String)[pri:0, instance:testCase.TS_04_ValidationOfLabTest@69c81773]" started-at="2024-04-08T16:31:16 IST" name="beforeMethod" finished-at="2024-04-08T16:31:23 IST" duration-ms="6227" status="PASS">
          <params>
            <param index="0">
              <value>
                <![CDATA[Chrome]]>
              </value>
            </param>
          </params>
          <reporter-output>
          </reporter-output>
        </test-method> <!-- beforeMethod -->
        <test-method signature="addToCartValidation()[pri:20, instance:testCase.TS_04_ValidationOfLabTest@69c81773]" started-at="2024-04-08T16:31:23 IST" name="addToCartValidation" finished-at="2024-04-08T16:31:33 IST" duration-ms="10599" status="PASS">
          <reporter-output>
          </reporter-output>
        </test-method> <!-- addToCartValidation -->
        <test-method is-config="true" signature="tearDown()[pri:0, instance:testCase.TS_04_ValidationOfLabTest@69c81773]" started-at="2024-04-08T16:31:33 IST" name="tearDown" finished-at="2024-04-08T16:31:36 IST" duration-ms="2821" status="PASS">
          <reporter-output>
          </reporter-output>
        </test-method> <!-- tearDown -->
      </class> <!-- testCase.TS_04_ValidationOfLabTest -->
      <class name="testCase.TS_02_ValidationOfScheduling">
        <test-method is-config="true" signature="beforeMethod(java.lang.String)[pri:0, instance:testCase.TS_02_ValidationOfScheduling@dc7df28]" started-at="2024-04-08T16:29:34 IST" name="beforeMethod" finished-at="2024-04-08T16:29:49 IST" duration-ms="15046" status="PASS">
          <params>
            <param index="0">
              <value>
                <![CDATA[Chrome]]>
              </value>
            </param>
          </params>
          <reporter-output>
          </reporter-output>
        </test-method> <!-- beforeMethod -->
        <test-method signature="isHealthIsClickable()[pri:6, instance:testCase.TS_02_ValidationOfScheduling@dc7df28]" started-at="2024-04-08T16:29:49 IST" name="isHealthIsClickable" finished-at="2024-04-08T16:30:16 IST" duration-ms="26937" status="PASS">
          <reporter-output>
          </reporter-output>
        </test-method> <!-- isHealthIsClickable -->
        <test-method is-config="true" signature="tearDown()[pri:0, instance:testCase.TS_02_ValidationOfScheduling@dc7df28]" started-at="2024-04-08T16:30:16 IST" name="tearDown" finished-at="2024-04-08T16:30:20 IST" duration-ms="4693" status="PASS">
          <reporter-output>
          </reporter-output>
        </test-method> <!-- tearDown -->
        <test-method is-config="true" signature="beforeMethod(java.lang.String)[pri:0, instance:testCase.TS_02_ValidationOfScheduling@dc7df28]" started-at="2024-04-08T16:30:22 IST" name="beforeMethod" finished-at="2024-04-08T16:30:29 IST" duration-ms="7438" status="PASS">
          <params>
            <param index="0">
              <value>
                <![CDATA[Chrome]]>
              </value>
            </param>
          </params>
          <reporter-output>
          </reporter-output>
        </test-method> <!-- beforeMethod -->
        <test-method signature="withAllValidDetails([Ljava.lang.String;)[pri:7, instance:testCase.TS_02_ValidationOfScheduling@dc7df28]" started-at="2024-04-08T16:30:29 IST" name="withAllValidDetails" data-provider="data" finished-at="2024-04-08T16:30:49 IST" duration-ms="19772" status="PASS">
          <params>
            <param index="0">
              <value>
                <![CDATA[[Ljava.lang.String;@40e4ea87]]>
              </value>
            </param>
          </params>
          <reporter-output>
          </reporter-output>
        </test-method> <!-- withAllValidDetails -->
        <test-method is-config="true" signature="tearDown()[pri:0, instance:testCase.TS_02_ValidationOfScheduling@dc7df28]" started-at="2024-04-08T16:30:49 IST" name="tearDown" finished-at="2024-04-08T16:30:54 IST" duration-ms="5008" status="PASS">
          <reporter-output>
          </reporter-output>
        </test-method> <!-- tearDown -->
        <test-method is-config="true" signature="beforeMethod(java.lang.String)[pri:0, instance:testCase.TS_02_ValidationOfScheduling@dc7df28]" started-at="2024-04-08T16:30:54 IST" name="beforeMethod" finished-at="2024-04-08T16:31:00 IST" duration-ms="6212" status="PASS">
          <params>
            <param index="0">
              <value>
                <![CDATA[Chrome]]>
              </value>
            </param>
          </params>
          <reporter-output>
          </reporter-output>
        </test-method> <!-- beforeMethod -->
        <test-method signature="withAllValidDetails([Ljava.lang.String;)[pri:7, instance:testCase.TS_02_ValidationOfScheduling@dc7df28]" started-at="2024-04-08T16:31:00 IST" name="withAllValidDetails" data-provider="data" finished-at="2024-04-08T16:31:19 IST" duration-ms="18873" status="PASS">
          <params>
            <param index="0">
              <value>
                <![CDATA[[Ljava.lang.String;@3c8bdd5b]]>
              </value>
            </param>
          </params>
          <reporter-output>
          </reporter-output>
        </test-method> <!-- withAllValidDetails -->
        <test-method is-config="true" signature="tearDown()[pri:0, instance:testCase.TS_02_ValidationOfScheduling@dc7df28]" started-at="2024-04-08T16:31:19 IST" name="tearDown" finished-at="2024-04-08T16:31:21 IST" duration-ms="2601" status="PASS">
          <reporter-output>
          </reporter-output>
        </test-method> <!-- tearDown -->
        <test-method is-config="true" signature="beforeMethod(java.lang.String)[pri:0, instance:testCase.TS_02_ValidationOfScheduling@dc7df28]" started-at="2024-04-08T16:31:21 IST" name="beforeMethod" finished-at="2024-04-08T16:31:29 IST" duration-ms="7480" status="PASS">
          <params>
            <param index="0">
              <value>
                <![CDATA[Chrome]]>
              </value>
            </param>
          </params>
          <reporter-output>
          </reporter-output>
        </test-method> <!-- beforeMethod -->
        <test-method signature="withAllValidDetails([Ljava.lang.String;)[pri:7, instance:testCase.TS_02_ValidationOfScheduling@dc7df28]" started-at="2024-04-08T16:31:29 IST" name="withAllValidDetails" data-provider="data" finished-at="2024-04-08T16:31:40 IST" duration-ms="11373" status="PASS">
          <params>
            <param index="0">
              <value>
                <![CDATA[[Ljava.lang.String;@51c929ae]]>
              </value>
            </param>
          </params>
          <reporter-output>
          </reporter-output>
        </test-method> <!-- withAllValidDetails -->
        <test-method is-config="true" signature="tearDown()[pri:0, instance:testCase.TS_02_ValidationOfScheduling@dc7df28]" started-at="2024-04-08T16:31:40 IST" name="tearDown" finished-at="2024-04-08T16:31:43 IST" duration-ms="2524" status="PASS">
          <reporter-output>
          </reporter-output>
        </test-method> <!-- tearDown -->
        <test-method is-config="true" signature="beforeMethod(java.lang.String)[pri:0, instance:testCase.TS_02_ValidationOfScheduling@dc7df28]" started-at="2024-04-08T16:31:43 IST" name="beforeMethod" finished-at="2024-04-08T16:31:48 IST" duration-ms="5468" status="PASS">
          <params>
            <param index="0">
              <value>
                <![CDATA[Chrome]]>
              </value>
            </param>
          </params>
          <reporter-output>
          </reporter-output>
        </test-method> <!-- beforeMethod -->
        <test-method signature="withAllValidDetails([Ljava.lang.String;)[pri:7, instance:testCase.TS_02_ValidationOfScheduling@dc7df28]" started-at="2024-04-08T16:31:48 IST" name="withAllValidDetails" data-provider="data" finished-at="2024-04-08T16:31:56 IST" duration-ms="8148" status="PASS">
          <params>
            <param index="0">
              <value>
                <![CDATA[[Ljava.lang.String;@29d2d081]]>
              </value>
            </param>
          </params>
          <reporter-output>
          </reporter-output>
        </test-method> <!-- withAllValidDetails -->
        <test-method is-config="true" signature="tearDown()[pri:0, instance:testCase.TS_02_ValidationOfScheduling@dc7df28]" started-at="2024-04-08T16:31:56 IST" name="tearDown" finished-at="2024-04-08T16:31:59 IST" duration-ms="2108" status="PASS">
          <reporter-output>
          </reporter-output>
        </test-method> <!-- tearDown -->
        <test-method is-config="true" signature="beforeMethod(java.lang.String)[pri:0, instance:testCase.TS_02_ValidationOfScheduling@dc7df28]" started-at="2024-04-08T16:31:59 IST" name="beforeMethod" finished-at="2024-04-08T16:32:04 IST" duration-ms="5251" status="PASS">
          <params>
            <param index="0">
              <value>
                <![CDATA[Chrome]]>
              </value>
            </param>
          </params>
          <reporter-output>
          </reporter-output>
        </test-method> <!-- beforeMethod -->
        <test-method signature="validationOfThankYouMessage()[pri:8, instance:testCase.TS_02_ValidationOfScheduling@dc7df28]" started-at="2024-04-08T16:32:04 IST" name="validationOfThankYouMessage" finished-at="2024-04-08T16:32:52 IST" duration-ms="47952" status="FAIL">
          <exception class="org.openqa.selenium.NoSuchElementException">
            <message>
              <![CDATA[no such element: Unable to locate element: {"method":"xpath","selector":"//div[@class='u-text--bold text-alpha']"}
  (Session info: chrome=120.0.6099.130)
For documentation on this error, please visit: https://www.selenium.dev/documentation/webdriver/troubleshooting/errors#no-such-element-exception
Build info: version: '4.19.1', revision: 'abe0ee07dc'
System info: os.name: 'Windows 11', os.arch: 'amd64', os.version: '10.0', java.version: '17.0.9'
Driver info: org.openqa.selenium.chrome.ChromeDriver
Command: [7acbb126f39b6f25290a0e570b5aa784, findElement {value=//div[@class='u-text--bold text-alpha'], using=xpath}]
Capabilities {acceptInsecureCerts: false, browserName: chrome, browserVersion: 120.0.6099.130, chrome: {chromedriverVersion: 120.0.6099.109 (3419140ab66..., userDataDir: C:\WINDOWS\SystemTemp\scope...}, fedcm:accounts: true, goog:chromeOptions: {debuggerAddress: localhost:54742}, networkConnectionEnabled: false, pageLoadStrategy: normal, platformName: windows, proxy: Proxy(), se:cdp: ws://localhost:54742/devtoo..., se:cdpVersion: 120.0.6099.130, setWindowRect: true, strictFileInteractability: false, timeouts: {implicit: 0, pageLoad: 300000, script: 30000}, unhandledPromptBehavior: dismiss and notify, webauthn:extension:credBlob: true, webauthn:extension:largeBlob: true, webauthn:extension:minPinLength: true, webauthn:extension:prf: true, webauthn:virtualAuthenticators: true}
Session ID: 7acbb126f39b6f25290a0e570b5aa784]]>
            </message>
            <full-stacktrace>
              <![CDATA[org.openqa.selenium.NoSuchElementException: no such element: Unable to locate element: {"method":"xpath","selector":"//div[@class='u-text--bold text-alpha']"}
  (Session info: chrome=120.0.6099.130)
For documentation on this error, please visit: https://www.selenium.dev/documentation/webdriver/troubleshooting/errors#no-such-element-exception
Build info: version: '4.19.1', revision: 'abe0ee07dc'
System info: os.name: 'Windows 11', os.arch: 'amd64', os.version: '10.0', java.version: '17.0.9'
Driver info: org.openqa.selenium.chrome.ChromeDriver
Command: [7acbb126f39b6f25290a0e570b5aa784, findElement {value=//div[@class='u-text--bold text-alpha'], using=xpath}]
Capabilities {acceptInsecureCerts: false, browserName: chrome, browserVersion: 120.0.6099.130, chrome: {chromedriverVersion: 120.0.6099.109 (3419140ab66..., userDataDir: C:\WINDOWS\SystemTemp\scope...}, fedcm:accounts: true, goog:chromeOptions: {debuggerAddress: localhost:54742}, networkConnectionEnabled: false, pageLoadStrategy: normal, platformName: windows, proxy: Proxy(), se:cdp: ws://localhost:54742/devtoo..., se:cdpVersion: 120.0.6099.130, setWindowRect: true, strictFileInteractability: false, timeouts: {implicit: 0, pageLoad: 300000, script: 30000}, unhandledPromptBehavior: dismiss and notify, webauthn:extension:credBlob: true, webauthn:extension:largeBlob: true, webauthn:extension:minPinLength: true, webauthn:extension:prf: true, webauthn:virtualAuthenticators: true}
Session ID: 7acbb126f39b6f25290a0e570b5aa784
at java.base/jdk.internal.reflect.NativeConstructorAccessorImpl.newInstance0(Native Method)
at java.base/jdk.internal.reflect.NativeConstructorAccessorImpl.newInstance(NativeConstructorAccessorImpl.java:77)
at java.base/jdk.internal.reflect.DelegatingConstructorAccessorImpl.newInstance(DelegatingConstructorAccessorImpl.java:45)
at java.base/java.lang.reflect.Constructor.newInstanceWithCaller(Constructor.java:499)
at java.base/java.lang.reflect.Constructor.newInstance(Constructor.java:480)
at org.openqa.selenium.remote.ErrorCodec.decode(ErrorCodec.java:167)
at org.openqa.selenium.remote.codec.w3c.W3CHttpResponseCodec.decode(W3CHttpResponseCodec.java:138)
at org.openqa.selenium.remote.codec.w3c.W3CHttpResponseCodec.decode(W3CHttpResponseCodec.java:50)
at org.openqa.selenium.remote.HttpCommandExecutor.execute(HttpCommandExecutor.java:190)
at org.openqa.selenium.remote.service.DriverCommandExecutor.invokeExecute(DriverCommandExecutor.java:216)
at org.openqa.selenium.remote.service.DriverCommandExecutor.execute(DriverCommandExecutor.java:174)
at org.openqa.selenium.remote.RemoteWebDriver.execute(RemoteWebDriver.java:518)
at org.openqa.selenium.remote.ElementLocation$ElementFinder$2.findElement(ElementLocation.java:165)
at org.openqa.selenium.remote.ElementLocation.findElement(ElementLocation.java:59)
at org.openqa.selenium.remote.RemoteWebDriver.findElement(RemoteWebDriver.java:355)
at org.openqa.selenium.remote.RemoteWebDriver.findElement(RemoteWebDriver.java:349)
at org.openqa.selenium.support.pagefactory.DefaultElementLocator.findElement(DefaultElementLocator.java:68)
at org.openqa.selenium.support.pagefactory.internal.LocatingElementHandler.invoke(LocatingElementHandler.java:38)
at jdk.proxy2/jdk.proxy2.$Proxy28.getText(Unknown Source)
at pageObjectModel.EmployeeHealthElements.getConformationMessage(EmployeeHealthElements.java:92)
at testCase.TS_02_ValidationOfScheduling.validationOfThankYouMessage(TS_02_ValidationOfScheduling.java:108)
at java.base/jdk.internal.reflect.NativeMethodAccessorImpl.invoke0(Native Method)
at java.base/jdk.internal.reflect.NativeMethodAccessorImpl.invoke(NativeMethodAccessorImpl.java:77)
at java.base/jdk.internal.reflect.DelegatingMethodAccessorImpl.invoke(DelegatingMethodAccessorImpl.java:43)
at java.base/java.lang.reflect.Method.invoke(Method.java:568)
at org.testng.internal.invokers.MethodInvocationHelper.invokeMethod(MethodInvocationHelper.java:139)
at org.testng.internal.invokers.TestInvoker.invokeMethod(TestInvoker.java:664)
at org.testng.internal.invokers.TestInvoker.invokeTestMethod(TestInvoker.java:228)
at org.testng.internal.invokers.MethodRunner.runInSequence(MethodRunner.java:63)
at org.testng.internal.invokers.TestInvoker$MethodInvocationAgent.invoke(TestInvoker.java:961)
at org.testng.internal.invokers.TestInvoker.invokeTestMethods(TestInvoker.java:201)
at org.testng.internal.invokers.TestMethodWorker.invokeTestMethods(TestMethodWorker.java:148)
at org.testng.internal.invokers.TestMethodWorker.run(TestMethodWorker.java:128)
at java.base/java.util.concurrent.Executors$RunnableAdapter.call(Executors.java:539)
at java.base/java.util.concurrent.FutureTask.run(FutureTask.java:264)
at org.testng.internal.thread.graph.TestNGFutureTask.run(TestNGFutureTask.java:22)
at java.base/java.util.concurrent.ThreadPoolExecutor.runWorker(ThreadPoolExecutor.java:1136)
at java.base/java.util.concurrent.ThreadPoolExecutor$Worker.run(ThreadPoolExecutor.java:635)
at java.base/java.lang.Thread.run(Thread.java:840)
]]>
            </full-stacktrace>
          </exception> <!-- org.openqa.selenium.NoSuchElementException -->
          <reporter-output>
          </reporter-output>
        </test-method> <!-- validationOfThankYouMessage -->
        <test-method is-config="true" signature="tearDown()[pri:0, instance:testCase.TS_02_ValidationOfScheduling@dc7df28]" started-at="2024-04-08T16:32:52 IST" name="tearDown" finished-at="2024-04-08T16:32:55 IST" duration-ms="2934" status="PASS">
          <reporter-output>
          </reporter-output>
        </test-method> <!-- tearDown -->
      </class> <!-- testCase.TS_02_ValidationOfScheduling -->
      <class name="testRunner.Runner">
        <test-method is-config="true" signature="setUpClass(org.testng.ITestContext)[pri:0, instance:testRunner.Runner@c05fddc]" started-at="2024-04-08T16:29:34 IST" name="setUpClass" finished-at="2024-04-08T16:29:34 IST" duration-ms="603" status="PASS">
          <params>
            <param index="0">
              <value>
                <![CDATA[org.testng.TestRunner@38d5b107]]>
              </value>
            </param>
          </params>
          <reporter-output>
          </reporter-output>
        </test-method> <!-- setUpClass -->
        <test-method signature="runScenario(io.cucumber.testng.PickleWrapper,io.cucumber.testng.FeatureWrapper)[pri:0, instance:testRunner.Runner@c05fddc]" started-at="2024-04-08T16:29:34 IST" name="runScenario" description="Runs Cucumber Scenarios" data-provider="scenarios" finished-at="2024-04-08T16:30:19 IST" duration-ms="45006" status="PASS">
          <params>
            <param index="0">
              <value>
                <![CDATA["Login-button Disabled"]]>
              </value>
            </param>
            <param index="1">
              <value>
                <![CDATA["Validation of Schedule a Demo Form"]]>
              </value>
            </param>
          </params>
          <reporter-output>
          </reporter-output>
        </test-method> <!-- runScenario -->
        <test-method signature="runScenario(io.cucumber.testng.PickleWrapper,io.cucumber.testng.FeatureWrapper)[pri:0, instance:testRunner.Runner@c05fddc]" started-at="2024-04-08T16:30:19 IST" name="runScenario" description="Runs Cucumber Scenarios" data-provider="scenarios" finished-at="2024-04-08T16:30:47 IST" duration-ms="27661" status="PASS">
          <params>
            <param index="0">
              <value>
                <![CDATA["Login-button Disabled"]]>
              </value>
            </param>
            <param index="1">
              <value>
                <![CDATA["Validation of Schedule a Demo Form"]]>
              </value>
            </param>
          </params>
          <reporter-output>
          </reporter-output>
        </test-method> <!-- runScenario -->
        <test-method signature="runScenario(io.cucumber.testng.PickleWrapper,io.cucumber.testng.FeatureWrapper)[pri:0, instance:testRunner.Runner@c05fddc]" started-at="2024-04-08T16:30:47 IST" name="runScenario" description="Runs Cucumber Scenarios" data-provider="scenarios" finished-at="2024-04-08T16:31:22 IST" duration-ms="35286" status="PASS">
          <params>
            <param index="0">
              <value>
                <![CDATA["Login-button Disabled"]]>
              </value>
            </param>
            <param index="1">
              <value>
                <![CDATA["Validation of Schedule a Demo Form"]]>
              </value>
            </param>
          </params>
          <reporter-output>
          </reporter-output>
        </test-method> <!-- runScenario -->
        <test-method signature="runScenario(io.cucumber.testng.PickleWrapper,io.cucumber.testng.FeatureWrapper)[pri:0, instance:testRunner.Runner@c05fddc]" started-at="2024-04-08T16:31:22 IST" name="runScenario" description="Runs Cucumber Scenarios" data-provider="scenarios" finished-at="2024-04-08T16:32:12 IST" duration-ms="50260" status="PASS">
          <params>
            <param index="0">
              <value>
                <![CDATA["Login-button enabled"]]>
              </value>
            </param>
            <param index="1">
              <value>
                <![CDATA["Validation of Schedule a Demo Form"]]>
              </value>
            </param>
          </params>
          <reporter-output>
          </reporter-output>
        </test-method> <!-- runScenario -->
        <test-method is-config="true" signature="tearDownClass()[pri:0, instance:testRunner.Runner@c05fddc]" started-at="2024-04-08T16:32:12 IST" name="tearDownClass" finished-at="2024-04-08T16:32:12 IST" duration-ms="23" status="PASS">
          <reporter-output>
          </reporter-output>
        </test-method> <!-- tearDownClass -->
      </class> <!-- testRunner.Runner -->
      <class name="testCase.TS_03_ValidationSergeriesPage">
        <test-method is-config="true" signature="beforeMethod(java.lang.String)[pri:0, instance:testCase.TS_03_ValidationSergeriesPage@30f842ca]" started-at="2024-04-08T16:29:34 IST" name="beforeMethod" finished-at="2024-04-08T16:29:44 IST" duration-ms="10643" status="PASS">
          <params>
            <param index="0">
              <value>
                <![CDATA[Chrome]]>
              </value>
            </param>
          </params>
          <reporter-output>
          </reporter-output>
        </test-method> <!-- beforeMethod -->
        <test-method signature="contactDetails()[pri:11, instance:testCase.TS_03_ValidationSergeriesPage@30f842ca]" started-at="2024-04-08T16:29:44 IST" name="contactDetails" finished-at="2024-04-08T16:29:51 IST" duration-ms="6713" status="PASS">
          <reporter-output>
          </reporter-output>
        </test-method> <!-- contactDetails -->
        <test-method is-config="true" signature="tearDown()[pri:0, instance:testCase.TS_03_ValidationSergeriesPage@30f842ca]" started-at="2024-04-08T16:29:51 IST" name="tearDown" finished-at="2024-04-08T16:29:53 IST" duration-ms="1915" status="PASS">
          <reporter-output>
          </reporter-output>
        </test-method> <!-- tearDown -->
        <test-method is-config="true" signature="beforeMethod(java.lang.String)[pri:0, instance:testCase.TS_03_ValidationSergeriesPage@30f842ca]" started-at="2024-04-08T16:29:53 IST" name="beforeMethod" finished-at="2024-04-08T16:30:03 IST" duration-ms="10141" status="PASS">
          <params>
            <param index="0">
              <value>
                <![CDATA[Chrome]]>
              </value>
            </param>
          </params>
          <reporter-output>
          </reporter-output>
        </test-method> <!-- beforeMethod -->
        <test-method signature="practoCareBenifits()[pri:12, instance:testCase.TS_03_ValidationSergeriesPage@30f842ca]" started-at="2024-04-08T16:30:03 IST" name="practoCareBenifits" finished-at="2024-04-08T16:30:08 IST" duration-ms="5295" status="PASS">
          <reporter-output>
          </reporter-output>
        </test-method> <!-- practoCareBenifits -->
        <test-method is-config="true" signature="tearDown()[pri:0, instance:testCase.TS_03_ValidationSergeriesPage@30f842ca]" started-at="2024-04-08T16:30:08 IST" name="tearDown" finished-at="2024-04-08T16:30:11 IST" duration-ms="2651" status="PASS">
          <reporter-output>
          </reporter-output>
        </test-method> <!-- tearDown -->
        <test-method is-config="true" signature="beforeMethod(java.lang.String)[pri:0, instance:testCase.TS_03_ValidationSergeriesPage@30f842ca]" started-at="2024-04-08T16:30:11 IST" name="beforeMethod" finished-at="2024-04-08T16:30:18 IST" duration-ms="7264" status="PASS">
          <params>
            <param index="0">
              <value>
                <![CDATA[Chrome]]>
              </value>
            </param>
          </params>
          <reporter-output>
          </reporter-output>
        </test-method> <!-- beforeMethod -->
        <test-method signature="howItWorks()[pri:13, instance:testCase.TS_03_ValidationSergeriesPage@30f842ca]" started-at="2024-04-08T16:30:18 IST" name="howItWorks" finished-at="2024-04-08T16:30:22 IST" duration-ms="4121" status="PASS">
          <reporter-output>
          </reporter-output>
        </test-method> <!-- howItWorks -->
        <test-method is-config="true" signature="tearDown()[pri:0, instance:testCase.TS_03_ValidationSergeriesPage@30f842ca]" started-at="2024-04-08T16:30:22 IST" name="tearDown" finished-at="2024-04-08T16:30:26 IST" duration-ms="3328" status="PASS">
          <reporter-output>
          </reporter-output>
        </test-method> <!-- tearDown -->
        <test-method is-config="true" signature="beforeMethod(java.lang.String)[pri:0, instance:testCase.TS_03_ValidationSergeriesPage@30f842ca]" started-at="2024-04-08T16:30:26 IST" name="beforeMethod" finished-at="2024-04-08T16:30:37 IST" duration-ms="11692" status="PASS">
          <params>
            <param index="0">
              <value>
                <![CDATA[Chrome]]>
              </value>
            </param>
          </params>
          <reporter-output>
          </reporter-output>
        </test-method> <!-- beforeMethod -->
        <test-method signature="allSurgeries()[pri:14, instance:testCase.TS_03_ValidationSergeriesPage@30f842ca]" started-at="2024-04-08T16:30:37 IST" name="allSurgeries" finished-at="2024-04-08T16:30:43 IST" duration-ms="5958" status="PASS">
          <reporter-output>
          </reporter-output>
        </test-method> <!-- allSurgeries -->
        <test-method is-config="true" signature="tearDown()[pri:0, instance:testCase.TS_03_ValidationSergeriesPage@30f842ca]" started-at="2024-04-08T16:30:43 IST" name="tearDown" finished-at="2024-04-08T16:30:46 IST" duration-ms="2365" status="PASS">
          <reporter-output>
          </reporter-output>
        </test-method> <!-- tearDown -->
        <test-method is-config="true" signature="beforeMethod(java.lang.String)[pri:0, instance:testCase.TS_03_ValidationSergeriesPage@30f842ca]" started-at="2024-04-08T16:30:46 IST" name="beforeMethod" finished-at="2024-04-08T16:30:59 IST" duration-ms="13435" status="PASS">
          <params>
            <param index="0">
              <value>
                <![CDATA[Chrome]]>
              </value>
            </param>
          </params>
          <reporter-output>
          </reporter-output>
        </test-method> <!-- beforeMethod -->
        <test-method signature="allDepartment()[pri:15, instance:testCase.TS_03_ValidationSergeriesPage@30f842ca]" started-at="2024-04-08T16:30:59 IST" name="allDepartment" finished-at="2024-04-08T16:31:05 IST" duration-ms="6370" status="PASS">
          <reporter-output>
          </reporter-output>
        </test-method> <!-- allDepartment -->
        <test-method is-config="true" signature="tearDown()[pri:0, instance:testCase.TS_03_ValidationSergeriesPage@30f842ca]" started-at="2024-04-08T16:31:05 IST" name="tearDown" finished-at="2024-04-08T16:31:07 IST" duration-ms="1865" status="PASS">
          <reporter-output>
          </reporter-output>
        </test-method> <!-- tearDown -->
      </class> <!-- testCase.TS_03_ValidationSergeriesPage -->
      <class name="testCase.TS_05_ValidationOfSearchPage">
        <test-method is-config="true" signature="beforeMethod(java.lang.String)[pri:0, instance:testCase.TS_05_ValidationOfSearchPage@4d14b6c2]" started-at="2024-04-08T16:30:41 IST" name="beforeMethod" finished-at="2024-04-08T16:30:52 IST" duration-ms="11081" status="PASS">
          <params>
            <param index="0">
              <value>
                <![CDATA[Chrome]]>
              </value>
            </param>
          </params>
          <reporter-output>
          </reporter-output>
        </test-method> <!-- beforeMethod -->
        <test-method signature="dropDownVerification()[pri:21, instance:testCase.TS_05_ValidationOfSearchPage@4d14b6c2]" started-at="2024-04-08T16:30:52 IST" name="dropDownVerification" finished-at="2024-04-08T16:31:21 IST" duration-ms="29144" status="PASS">
          <reporter-output>
          </reporter-output>
        </test-method> <!-- dropDownVerification -->
        <test-method is-config="true" signature="tearDown()[pri:0, instance:testCase.TS_05_ValidationOfSearchPage@4d14b6c2]" started-at="2024-04-08T16:31:21 IST" name="tearDown" finished-at="2024-04-08T16:31:24 IST" duration-ms="2579" status="PASS">
          <reporter-output>
          </reporter-output>
        </test-method> <!-- tearDown -->
        <test-method is-config="true" signature="beforeMethod(java.lang.String)[pri:0, instance:testCase.TS_05_ValidationOfSearchPage@4d14b6c2]" started-at="2024-04-08T16:31:24 IST" name="beforeMethod" finished-at="2024-04-08T16:31:29 IST" duration-ms="5591" status="PASS">
          <params>
            <param index="0">
              <value>
                <![CDATA[Chrome]]>
              </value>
            </param>
          </params>
          <reporter-output>
          </reporter-output>
        </test-method> <!-- beforeMethod -->
        <test-method signature="professionVerification()[pri:22, instance:testCase.TS_05_ValidationOfSearchPage@4d14b6c2]" started-at="2024-04-08T16:31:29 IST" name="professionVerification" finished-at="2024-04-08T16:31:54 IST" duration-ms="24882" status="PASS">
          <reporter-output>
          </reporter-output>
        </test-method> <!-- professionVerification -->
        <test-method is-config="true" signature="tearDown()[pri:0, instance:testCase.TS_05_ValidationOfSearchPage@4d14b6c2]" started-at="2024-04-08T16:31:54 IST" name="tearDown" finished-at="2024-04-08T16:31:56 IST" duration-ms="2181" status="PASS">
          <reporter-output>
          </reporter-output>
        </test-method> <!-- tearDown -->
        <test-method is-config="true" signature="beforeMethod(java.lang.String)[pri:0, instance:testCase.TS_05_ValidationOfSearchPage@4d14b6c2]" started-at="2024-04-08T16:31:56 IST" name="beforeMethod" finished-at="2024-04-08T16:32:02 IST" duration-ms="5515" status="PASS">
          <params>
            <param index="0">
              <value>
                <![CDATA[Chrome]]>
              </value>
            </param>
          </params>
          <reporter-output>
          </reporter-output>
        </test-method> <!-- beforeMethod -->
        <test-method signature="professionValidation()[pri:23, instance:testCase.TS_05_ValidationOfSearchPage@4d14b6c2]" started-at="2024-04-08T16:32:02 IST" name="professionValidation" finished-at="2024-04-08T16:32:08 IST" duration-ms="6649" status="PASS">
          <reporter-output>
          </reporter-output>
        </test-method> <!-- professionValidation -->
        <test-method is-config="true" signature="tearDown()[pri:0, instance:testCase.TS_05_ValidationOfSearchPage@4d14b6c2]" started-at="2024-04-08T16:32:08 IST" name="tearDown" finished-at="2024-04-08T16:32:10 IST" duration-ms="2138" status="PASS">
          <reporter-output>
          </reporter-output>
        </test-method> <!-- tearDown -->
        <test-method is-config="true" signature="beforeMethod(java.lang.String)[pri:0, instance:testCase.TS_05_ValidationOfSearchPage@4d14b6c2]" started-at="2024-04-08T16:32:10 IST" name="beforeMethod" finished-at="2024-04-08T16:32:17 IST" duration-ms="6281" status="PASS">
          <params>
            <param index="0">
              <value>
                <![CDATA[Chrome]]>
              </value>
            </param>
          </params>
          <reporter-output>
          </reporter-output>
        </test-method> <!-- beforeMethod -->
        <test-method signature="userVerification()[pri:24, instance:testCase.TS_05_ValidationOfSearchPage@4d14b6c2]" started-at="2024-04-08T16:32:17 IST" name="userVerification" finished-at="2024-04-08T16:32:22 IST" duration-ms="4831" status="PASS">
          <reporter-output>
          </reporter-output>
        </test-method> <!-- userVerification -->
        <test-method is-config="true" signature="tearDown()[pri:0, instance:testCase.TS_05_ValidationOfSearchPage@4d14b6c2]" started-at="2024-04-08T16:32:22 IST" name="tearDown" finished-at="2024-04-08T16:32:24 IST" duration-ms="2160" status="PASS">
          <reporter-output>
          </reporter-output>
        </test-method> <!-- tearDown -->
        <test-method is-config="true" signature="beforeMethod(java.lang.String)[pri:0, instance:testCase.TS_05_ValidationOfSearchPage@4d14b6c2]" started-at="2024-04-08T16:32:24 IST" name="beforeMethod" finished-at="2024-04-08T16:32:29 IST" duration-ms="5374" status="PASS">
          <params>
            <param index="0">
              <value>
                <![CDATA[Chrome]]>
              </value>
            </param>
          </params>
          <reporter-output>
          </reporter-output>
        </test-method> <!-- beforeMethod -->
        <test-method signature="verifyLocation()[pri:25, instance:testCase.TS_05_ValidationOfSearchPage@4d14b6c2]" started-at="2024-04-08T16:32:29 IST" name="verifyLocation" finished-at="2024-04-08T16:32:35 IST" duration-ms="6209" status="PASS">
          <reporter-output>
          </reporter-output>
        </test-method> <!-- verifyLocation -->
        <test-method is-config="true" signature="tearDown()[pri:0, instance:testCase.TS_05_ValidationOfSearchPage@4d14b6c2]" started-at="2024-04-08T16:32:35 IST" name="tearDown" finished-at="2024-04-08T16:32:38 IST" duration-ms="2186" status="PASS">
          <reporter-output>
          </reporter-output>
        </test-method> <!-- tearDown -->
      </class> <!-- testCase.TS_05_ValidationOfSearchPage -->
      <class name="testCase.TS_01_ValidationOfHomePage">
        <test-method is-config="true" signature="beforeMethod(java.lang.String)[pri:0, instance:testCase.TS_01_ValidationOfHomePage@15888343]" started-at="2024-04-08T16:29:34 IST" name="beforeMethod" finished-at="2024-04-08T16:29:43 IST" duration-ms="9702" status="PASS">
          <params>
            <param index="0">
              <value>
                <![CDATA[Chrome]]>
              </value>
            </param>
          </params>
          <reporter-output>
          </reporter-output>
        </test-method> <!-- beforeMethod -->
        <test-method signature="logoValidation()[pri:1, instance:testCase.TS_01_ValidationOfHomePage@15888343]" started-at="2024-04-08T16:29:43 IST" name="logoValidation" finished-at="2024-04-08T16:29:44 IST" duration-ms="284" status="PASS">
          <reporter-output>
          </reporter-output>
        </test-method> <!-- logoValidation -->
        <test-method is-config="true" signature="tearDown()[pri:0, instance:testCase.TS_01_ValidationOfHomePage@15888343]" started-at="2024-04-08T16:29:44 IST" name="tearDown" finished-at="2024-04-08T16:29:45 IST" duration-ms="1545" status="PASS">
          <reporter-output>
          </reporter-output>
        </test-method> <!-- tearDown -->
        <test-method is-config="true" signature="beforeMethod(java.lang.String)[pri:0, instance:testCase.TS_01_ValidationOfHomePage@15888343]" started-at="2024-04-08T16:29:45 IST" name="beforeMethod" finished-at="2024-04-08T16:29:57 IST" duration-ms="11644" status="PASS">
          <params>
            <param index="0">
              <value>
                <![CDATA[Chrome]]>
              </value>
            </param>
          </params>
          <reporter-output>
          </reporter-output>
        </test-method> <!-- beforeMethod -->
        <test-method signature="downloadValidation()[pri:2, instance:testCase.TS_01_ValidationOfHomePage@15888343]" started-at="2024-04-08T16:29:57 IST" name="downloadValidation" finished-at="2024-04-08T16:29:57 IST" duration-ms="194" status="PASS">
          <reporter-output>
          </reporter-output>
        </test-method> <!-- downloadValidation -->
        <test-method is-config="true" signature="tearDown()[pri:0, instance:testCase.TS_01_ValidationOfHomePage@15888343]" started-at="2024-04-08T16:29:57 IST" name="tearDown" finished-at="2024-04-08T16:29:59 IST" duration-ms="1730" status="PASS">
          <reporter-output>
          </reporter-output>
        </test-method> <!-- tearDown -->
        <test-method is-config="true" signature="beforeMethod(java.lang.String)[pri:0, instance:testCase.TS_01_ValidationOfHomePage@15888343]" started-at="2024-04-08T16:29:59 IST" name="beforeMethod" finished-at="2024-04-08T16:30:10 IST" duration-ms="10832" status="PASS">
          <params>
            <param index="0">
              <value>
                <![CDATA[Chrome]]>
              </value>
            </param>
          </params>
          <reporter-output>
          </reporter-output>
        </test-method> <!-- beforeMethod -->
        <test-method signature="copyRightValidation()[pri:3, instance:testCase.TS_01_ValidationOfHomePage@15888343]" started-at="2024-04-08T16:30:10 IST" name="copyRightValidation" finished-at="2024-04-08T16:30:11 IST" duration-ms="1522" status="PASS">
          <reporter-output>
          </reporter-output>
        </test-method> <!-- copyRightValidation -->
        <test-method is-config="true" signature="tearDown()[pri:0, instance:testCase.TS_01_ValidationOfHomePage@15888343]" started-at="2024-04-08T16:30:11 IST" name="tearDown" finished-at="2024-04-08T16:30:14 IST" duration-ms="2742" status="PASS">
          <reporter-output>
          </reporter-output>
        </test-method> <!-- tearDown -->
        <test-method is-config="true" signature="beforeMethod(java.lang.String)[pri:0, instance:testCase.TS_01_ValidationOfHomePage@15888343]" started-at="2024-04-08T16:30:14 IST" name="beforeMethod" finished-at="2024-04-08T16:30:24 IST" duration-ms="10513" status="PASS">
          <params>
            <param index="0">
              <value>
                <![CDATA[Chrome]]>
              </value>
            </param>
          </params>
          <reporter-output>
          </reporter-output>
        </test-method> <!-- beforeMethod -->
        <test-method signature="loginValidation()[pri:4, instance:testCase.TS_01_ValidationOfHomePage@15888343]" started-at="2024-04-08T16:30:24 IST" name="loginValidation" finished-at="2024-04-08T16:30:26 IST" duration-ms="2129" status="PASS">
          <reporter-output>
          </reporter-output>
        </test-method> <!-- loginValidation -->
        <test-method is-config="true" signature="tearDown()[pri:0, instance:testCase.TS_01_ValidationOfHomePage@15888343]" started-at="2024-04-08T16:30:26 IST" name="tearDown" finished-at="2024-04-08T16:30:29 IST" duration-ms="2502" status="PASS">
          <reporter-output>
          </reporter-output>
        </test-method> <!-- tearDown -->
        <test-method is-config="true" signature="beforeMethod(java.lang.String)[pri:0, instance:testCase.TS_01_ValidationOfHomePage@15888343]" started-at="2024-04-08T16:30:29 IST" name="beforeMethod" finished-at="2024-04-08T16:30:35 IST" duration-ms="5726" status="PASS">
          <params>
            <param index="0">
              <value>
                <![CDATA[Chrome]]>
              </value>
            </param>
          </params>
          <reporter-output>
          </reporter-output>
        </test-method> <!-- beforeMethod -->
        <test-method signature="functionalityValidation()[pri:5, instance:testCase.TS_01_ValidationOfHomePage@15888343]" started-at="2024-04-08T16:30:35 IST" name="functionalityValidation" finished-at="2024-04-08T16:30:39 IST" duration-ms="4456" status="PASS">
          <reporter-output>
          </reporter-output>
        </test-method> <!-- functionalityValidation -->
        <test-method is-config="true" signature="tearDown()[pri:0, instance:testCase.TS_01_ValidationOfHomePage@15888343]" started-at="2024-04-08T16:30:39 IST" name="tearDown" finished-at="2024-04-08T16:30:41 IST" duration-ms="1574" status="PASS">
          <reporter-output>
          </reporter-output>
        </test-method> <!-- tearDown -->
      </class> <!-- testCase.TS_01_ValidationOfHomePage -->
    </test> <!-- ChromeTest -->
    <test started-at="2024-04-08T16:32:55 IST" name="EdgeTest" finished-at="2024-04-08T16:36:30 IST" duration-ms="215328">
      <class name="testCase.TS_04_ValidationOfLabTest">
        <test-method is-config="true" signature="beforeMethod(java.lang.String)[pri:0, instance:testCase.TS_04_ValidationOfLabTest@f68f0dc]" started-at="2024-04-08T16:32:55 IST" name="beforeMethod" finished-at="2024-04-08T16:33:13 IST" duration-ms="17734" status="PASS">
          <params>
            <param index="0">
              <value>
                <![CDATA[Edge]]>
              </value>
            </param>
          </params>
          <reporter-output>
          </reporter-output>
        </test-method> <!-- beforeMethod -->
        <test-method signature="isLabTestclickable()[pri:16, instance:testCase.TS_04_ValidationOfLabTest@f68f0dc]" started-at="2024-04-08T16:33:13 IST" name="isLabTestclickable" finished-at="2024-04-08T16:33:23 IST" duration-ms="10247" status="PASS">
          <reporter-output>
          </reporter-output>
        </test-method> <!-- isLabTestclickable -->
        <test-method is-config="true" signature="tearDown()[pri:0, instance:testCase.TS_04_ValidationOfLabTest@f68f0dc]" started-at="2024-04-08T16:33:23 IST" name="tearDown" finished-at="2024-04-08T16:33:30 IST" duration-ms="6925" status="PASS">
          <reporter-output>
          </reporter-output>
        </test-method> <!-- tearDown -->
        <test-method is-config="true" signature="beforeMethod(java.lang.String)[pri:0, instance:testCase.TS_04_ValidationOfLabTest@f68f0dc]" started-at="2024-04-08T16:33:30 IST" name="beforeMethod" finished-at="2024-04-08T16:33:41 IST" duration-ms="10779" status="PASS">
          <params>
            <param index="0">
              <value>
                <![CDATA[Edge]]>
              </value>
            </param>
          </params>
          <reporter-output>
          </reporter-output>
        </test-method> <!-- beforeMethod -->
        <test-method signature="topCitiesBlockAvailable()[pri:17, instance:testCase.TS_04_ValidationOfLabTest@f68f0dc]" started-at="2024-04-08T16:33:41 IST" name="topCitiesBlockAvailable" finished-at="2024-04-08T16:33:51 IST" duration-ms="9998" status="PASS">
          <reporter-output>
          </reporter-output>
        </test-method> <!-- topCitiesBlockAvailable -->
        <test-method is-config="true" signature="tearDown()[pri:0, instance:testCase.TS_04_ValidationOfLabTest@f68f0dc]" started-at="2024-04-08T16:33:51 IST" name="tearDown" finished-at="2024-04-08T16:33:54 IST" duration-ms="3114" status="PASS">
          <reporter-output>
          </reporter-output>
        </test-method> <!-- tearDown -->
        <test-method is-config="true" signature="beforeMethod(java.lang.String)[pri:0, instance:testCase.TS_04_ValidationOfLabTest@f68f0dc]" started-at="2024-04-08T16:33:54 IST" name="beforeMethod" finished-at="2024-04-08T16:34:03 IST" duration-ms="9181" status="PASS">
          <params>
            <param index="0">
              <value>
                <![CDATA[Edge]]>
              </value>
            </param>
          </params>
          <reporter-output>
          </reporter-output>
        </test-method> <!-- beforeMethod -->
        <test-method signature="allCitiesBlockAvailable()[pri:18, instance:testCase.TS_04_ValidationOfLabTest@f68f0dc]" started-at="2024-04-08T16:34:03 IST" name="allCitiesBlockAvailable" finished-at="2024-04-08T16:34:11 IST" duration-ms="8416" status="PASS">
          <reporter-output>
          </reporter-output>
        </test-method> <!-- allCitiesBlockAvailable -->
        <test-method is-config="true" signature="tearDown()[pri:0, instance:testCase.TS_04_ValidationOfLabTest@f68f0dc]" started-at="2024-04-08T16:34:11 IST" name="tearDown" finished-at="2024-04-08T16:34:14 IST" duration-ms="2935" status="PASS">
          <reporter-output>
          </reporter-output>
        </test-method> <!-- tearDown -->
        <test-method is-config="true" signature="beforeMethod(java.lang.String)[pri:0, instance:testCase.TS_04_ValidationOfLabTest@f68f0dc]" started-at="2024-04-08T16:34:14 IST" name="beforeMethod" finished-at="2024-04-08T16:34:25 IST" duration-ms="10739" status="PASS">
          <params>
            <param index="0">
              <value>
                <![CDATA[Edge]]>
              </value>
            </param>
          </params>
          <reporter-output>
          </reporter-output>
        </test-method> <!-- beforeMethod -->
        <test-method signature="needHelpBlockValidation()[pri:19, instance:testCase.TS_04_ValidationOfLabTest@f68f0dc]" started-at="2024-04-08T16:34:25 IST" name="needHelpBlockValidation" finished-at="2024-04-08T16:34:38 IST" duration-ms="13195" status="PASS">
          <reporter-output>
          </reporter-output>
        </test-method> <!-- needHelpBlockValidation -->
        <test-method is-config="true" signature="tearDown()[pri:0, instance:testCase.TS_04_ValidationOfLabTest@f68f0dc]" started-at="2024-04-08T16:34:38 IST" name="tearDown" finished-at="2024-04-08T16:34:42 IST" duration-ms="3272" status="PASS">
          <reporter-output>
          </reporter-output>
        </test-method> <!-- tearDown -->
        <test-method is-config="true" signature="beforeMethod(java.lang.String)[pri:0, instance:testCase.TS_04_ValidationOfLabTest@f68f0dc]" started-at="2024-04-08T16:34:42 IST" name="beforeMethod" finished-at="2024-04-08T16:34:53 IST" duration-ms="11329" status="PASS">
          <params>
            <param index="0">
              <value>
                <![CDATA[Edge]]>
              </value>
            </param>
          </params>
          <reporter-output>
          </reporter-output>
        </test-method> <!-- beforeMethod -->
        <test-method signature="addToCartValidation()[pri:20, instance:testCase.TS_04_ValidationOfLabTest@f68f0dc]" started-at="2024-04-08T16:34:53 IST" name="addToCartValidation" finished-at="2024-04-08T16:35:07 IST" duration-ms="14348" status="PASS">
          <reporter-output>
          </reporter-output>
        </test-method> <!-- addToCartValidation -->
        <test-method is-config="true" signature="tearDown()[pri:0, instance:testCase.TS_04_ValidationOfLabTest@f68f0dc]" started-at="2024-04-08T16:35:07 IST" name="tearDown" finished-at="2024-04-08T16:35:12 IST" duration-ms="4525" status="PASS">
          <reporter-output>
          </reporter-output>
        </test-method> <!-- tearDown -->
      </class> <!-- testCase.TS_04_ValidationOfLabTest -->
      <class name="testCase.TS_02_ValidationOfScheduling">
        <test-method is-config="true" signature="beforeMethod(java.lang.String)[pri:0, instance:testCase.TS_02_ValidationOfScheduling@51891008]" started-at="2024-04-08T16:32:55 IST" name="beforeMethod" finished-at="2024-04-08T16:33:12 IST" duration-ms="16611" status="PASS">
          <params>
            <param index="0">
              <value>
                <![CDATA[Edge]]>
              </value>
            </param>
          </params>
          <reporter-output>
          </reporter-output>
        </test-method> <!-- beforeMethod -->
        <test-method signature="isHealthIsClickable()[pri:6, instance:testCase.TS_02_ValidationOfScheduling@51891008]" started-at="2024-04-08T16:33:12 IST" name="isHealthIsClickable" finished-at="2024-04-08T16:33:21 IST" duration-ms="9120" status="PASS">
          <reporter-output>
          </reporter-output>
        </test-method> <!-- isHealthIsClickable -->
        <test-method is-config="true" signature="tearDown()[pri:0, instance:testCase.TS_02_ValidationOfScheduling@51891008]" started-at="2024-04-08T16:33:21 IST" name="tearDown" finished-at="2024-04-08T16:33:27 IST" duration-ms="6277" status="PASS">
          <reporter-output>
          </reporter-output>
        </test-method> <!-- tearDown -->
        <test-method is-config="true" signature="beforeMethod(java.lang.String)[pri:0, instance:testCase.TS_02_ValidationOfScheduling@51891008]" started-at="2024-04-08T16:33:27 IST" name="beforeMethod" finished-at="2024-04-08T16:33:40 IST" duration-ms="12564" status="PASS">
          <params>
            <param index="0">
              <value>
                <![CDATA[Edge]]>
              </value>
            </param>
          </params>
          <reporter-output>
          </reporter-output>
        </test-method> <!-- beforeMethod -->
        <test-method signature="withAllValidDetails([Ljava.lang.String;)[pri:7, instance:testCase.TS_02_ValidationOfScheduling@51891008]" started-at="2024-04-08T16:33:40 IST" name="withAllValidDetails" data-provider="data" finished-at="2024-04-08T16:34:00 IST" duration-ms="20158" status="PASS">
          <params>
            <param index="0">
              <value>
                <![CDATA[[Ljava.lang.String;@1bb9aa43]]>
              </value>
            </param>
          </params>
          <reporter-output>
          </reporter-output>
        </test-method> <!-- withAllValidDetails -->
        <test-method is-config="true" signature="tearDown()[pri:0, instance:testCase.TS_02_ValidationOfScheduling@51891008]" started-at="2024-04-08T16:34:00 IST" name="tearDown" finished-at="2024-04-08T16:34:03 IST" duration-ms="3032" status="PASS">
          <reporter-output>
          </reporter-output>
        </test-method> <!-- tearDown -->
        <test-method is-config="true" signature="beforeMethod(java.lang.String)[pri:0, instance:testCase.TS_02_ValidationOfScheduling@51891008]" started-at="2024-04-08T16:34:03 IST" name="beforeMethod" finished-at="2024-04-08T16:34:16 IST" duration-ms="13120" status="PASS">
          <params>
            <param index="0">
              <value>
                <![CDATA[Edge]]>
              </value>
            </param>
          </params>
          <reporter-output>
          </reporter-output>
        </test-method> <!-- beforeMethod -->
        <test-method signature="withAllValidDetails([Ljava.lang.String;)[pri:7, instance:testCase.TS_02_ValidationOfScheduling@51891008]" started-at="2024-04-08T16:34:16 IST" name="withAllValidDetails" data-provider="data" finished-at="2024-04-08T16:34:35 IST" duration-ms="18920" status="PASS">
          <params>
            <param index="0">
              <value>
                <![CDATA[[Ljava.lang.String;@df5f5c0]]>
              </value>
            </param>
          </params>
          <reporter-output>
          </reporter-output>
        </test-method> <!-- withAllValidDetails -->
        <test-method is-config="true" signature="tearDown()[pri:0, instance:testCase.TS_02_ValidationOfScheduling@51891008]" started-at="2024-04-08T16:34:35 IST" name="tearDown" finished-at="2024-04-08T16:34:39 IST" duration-ms="3717" status="PASS">
          <reporter-output>
          </reporter-output>
        </test-method> <!-- tearDown -->
        <test-method is-config="true" signature="beforeMethod(java.lang.String)[pri:0, instance:testCase.TS_02_ValidationOfScheduling@51891008]" started-at="2024-04-08T16:34:39 IST" name="beforeMethod" finished-at="2024-04-08T16:34:48 IST" duration-ms="9028" status="PASS">
          <params>
            <param index="0">
              <value>
                <![CDATA[Edge]]>
              </value>
            </param>
          </params>
          <reporter-output>
          </reporter-output>
        </test-method> <!-- beforeMethod -->
        <test-method signature="withAllValidDetails([Ljava.lang.String;)[pri:7, instance:testCase.TS_02_ValidationOfScheduling@51891008]" started-at="2024-04-08T16:34:48 IST" name="withAllValidDetails" data-provider="data" finished-at="2024-04-08T16:35:04 IST" duration-ms="16546" status="PASS">
          <params>
            <param index="0">
              <value>
                <![CDATA[[Ljava.lang.String;@420bc288]]>
              </value>
            </param>
          </params>
          <reporter-output>
          </reporter-output>
        </test-method> <!-- withAllValidDetails -->
        <test-method is-config="true" signature="tearDown()[pri:0, instance:testCase.TS_02_ValidationOfScheduling@51891008]" started-at="2024-04-08T16:35:04 IST" name="tearDown" finished-at="2024-04-08T16:35:07 IST" duration-ms="2907" status="PASS">
          <reporter-output>
          </reporter-output>
        </test-method> <!-- tearDown -->
        <test-method is-config="true" signature="beforeMethod(java.lang.String)[pri:0, instance:testCase.TS_02_ValidationOfScheduling@51891008]" started-at="2024-04-08T16:35:07 IST" name="beforeMethod" finished-at="2024-04-08T16:35:15 IST" duration-ms="8124" status="PASS">
          <params>
            <param index="0">
              <value>
                <![CDATA[Edge]]>
              </value>
            </param>
          </params>
          <reporter-output>
          </reporter-output>
        </test-method> <!-- beforeMethod -->
        <test-method signature="withAllValidDetails([Ljava.lang.String;)[pri:7, instance:testCase.TS_02_ValidationOfScheduling@51891008]" started-at="2024-04-08T16:35:15 IST" name="withAllValidDetails" data-provider="data" finished-at="2024-04-08T16:35:22 IST" duration-ms="7183" status="PASS">
          <params>
            <param index="0">
              <value>
                <![CDATA[[Ljava.lang.String;@467f77a5]]>
              </value>
            </param>
          </params>
          <reporter-output>
          </reporter-output>
        </test-method> <!-- withAllValidDetails -->
        <test-method is-config="true" signature="tearDown()[pri:0, instance:testCase.TS_02_ValidationOfScheduling@51891008]" started-at="2024-04-08T16:35:22 IST" name="tearDown" finished-at="2024-04-08T16:35:25 IST" duration-ms="2720" status="PASS">
          <reporter-output>
          </reporter-output>
        </test-method> <!-- tearDown -->
        <test-method is-config="true" signature="beforeMethod(java.lang.String)[pri:0, instance:testCase.TS_02_ValidationOfScheduling@51891008]" started-at="2024-04-08T16:35:25 IST" name="beforeMethod" finished-at="2024-04-08T16:35:33 IST" duration-ms="7868" status="PASS">
          <params>
            <param index="0">
              <value>
                <![CDATA[Edge]]>
              </value>
            </param>
          </params>
          <reporter-output>
          </reporter-output>
        </test-method> <!-- beforeMethod -->
        <test-method signature="validationOfThankYouMessage()[pri:8, instance:testCase.TS_02_ValidationOfScheduling@51891008]" started-at="2024-04-08T16:35:33 IST" name="validationOfThankYouMessage" finished-at="2024-04-08T16:36:21 IST" duration-ms="47583" status="FAIL">
          <exception class="org.openqa.selenium.NoSuchElementException">
            <message>
              <![CDATA[no such element: Unable to locate element: {"method":"xpath","selector":"//div[@class='u-text--bold text-alpha']"}
  (Session info: MicrosoftEdge=123.0.2420.81)
For documentation on this error, please visit: https://www.selenium.dev/documentation/webdriver/troubleshooting/errors#no-such-element-exception
Build info: version: '4.19.1', revision: 'abe0ee07dc'
System info: os.name: 'Windows 11', os.arch: 'amd64', os.version: '10.0', java.version: '17.0.9'
Driver info: org.openqa.selenium.edge.EdgeDriver
Command: [eae16b8bc9d3376ba344e340d2fbdbf2, findElement {value=//div[@class='u-text--bold text-alpha'], using=xpath}]
Capabilities {acceptInsecureCerts: false, browserName: MicrosoftEdge, browserVersion: 123.0.2420.81, fedcm:accounts: true, ms:edgeOptions: {debuggerAddress: localhost:57661}, msedge: {msedgedriverVersion: 123.0.2420.81 (8acdca46cf48..., userDataDir: C:\WINDOWS\SystemTemp\scope...}, networkConnectionEnabled: false, pageLoadStrategy: normal, platformName: windows, proxy: Proxy(), se:cdp: ws://localhost:57661/devtoo..., se:cdpVersion: 123.0.2420.81, setWindowRect: true, strictFileInteractability: false, timeouts: {implicit: 0, pageLoad: 300000, script: 30000}, unhandledPromptBehavior: dismiss and notify, webauthn:extension:credBlob: true, webauthn:extension:largeBlob: true, webauthn:extension:minPinLength: true, webauthn:extension:prf: true, webauthn:virtualAuthenticators: true}
Session ID: eae16b8bc9d3376ba344e340d2fbdbf2]]>
            </message>
            <full-stacktrace>
              <![CDATA[org.openqa.selenium.NoSuchElementException: no such element: Unable to locate element: {"method":"xpath","selector":"//div[@class='u-text--bold text-alpha']"}
  (Session info: MicrosoftEdge=123.0.2420.81)
For documentation on this error, please visit: https://www.selenium.dev/documentation/webdriver/troubleshooting/errors#no-such-element-exception
Build info: version: '4.19.1', revision: 'abe0ee07dc'
System info: os.name: 'Windows 11', os.arch: 'amd64', os.version: '10.0', java.version: '17.0.9'
Driver info: org.openqa.selenium.edge.EdgeDriver
Command: [eae16b8bc9d3376ba344e340d2fbdbf2, findElement {value=//div[@class='u-text--bold text-alpha'], using=xpath}]
Capabilities {acceptInsecureCerts: false, browserName: MicrosoftEdge, browserVersion: 123.0.2420.81, fedcm:accounts: true, ms:edgeOptions: {debuggerAddress: localhost:57661}, msedge: {msedgedriverVersion: 123.0.2420.81 (8acdca46cf48..., userDataDir: C:\WINDOWS\SystemTemp\scope...}, networkConnectionEnabled: false, pageLoadStrategy: normal, platformName: windows, proxy: Proxy(), se:cdp: ws://localhost:57661/devtoo..., se:cdpVersion: 123.0.2420.81, setWindowRect: true, strictFileInteractability: false, timeouts: {implicit: 0, pageLoad: 300000, script: 30000}, unhandledPromptBehavior: dismiss and notify, webauthn:extension:credBlob: true, webauthn:extension:largeBlob: true, webauthn:extension:minPinLength: true, webauthn:extension:prf: true, webauthn:virtualAuthenticators: true}
Session ID: eae16b8bc9d3376ba344e340d2fbdbf2
at java.base/jdk.internal.reflect.NativeConstructorAccessorImpl.newInstance0(Native Method)
at java.base/jdk.internal.reflect.NativeConstructorAccessorImpl.newInstance(NativeConstructorAccessorImpl.java:77)
at java.base/jdk.internal.reflect.DelegatingConstructorAccessorImpl.newInstance(DelegatingConstructorAccessorImpl.java:45)
at java.base/java.lang.reflect.Constructor.newInstanceWithCaller(Constructor.java:499)
at java.base/java.lang.reflect.Constructor.newInstance(Constructor.java:480)
at org.openqa.selenium.remote.ErrorCodec.decode(ErrorCodec.java:167)
at org.openqa.selenium.remote.codec.w3c.W3CHttpResponseCodec.decode(W3CHttpResponseCodec.java:138)
at org.openqa.selenium.remote.codec.w3c.W3CHttpResponseCodec.decode(W3CHttpResponseCodec.java:50)
at org.openqa.selenium.remote.HttpCommandExecutor.execute(HttpCommandExecutor.java:190)
at org.openqa.selenium.remote.service.DriverCommandExecutor.invokeExecute(DriverCommandExecutor.java:216)
at org.openqa.selenium.remote.service.DriverCommandExecutor.execute(DriverCommandExecutor.java:174)
at org.openqa.selenium.remote.RemoteWebDriver.execute(RemoteWebDriver.java:518)
at org.openqa.selenium.remote.ElementLocation$ElementFinder$2.findElement(ElementLocation.java:165)
at org.openqa.selenium.remote.ElementLocation.findElement(ElementLocation.java:59)
at org.openqa.selenium.remote.RemoteWebDriver.findElement(RemoteWebDriver.java:355)
at org.openqa.selenium.remote.RemoteWebDriver.findElement(RemoteWebDriver.java:349)
at org.openqa.selenium.support.pagefactory.DefaultElementLocator.findElement(DefaultElementLocator.java:68)
at org.openqa.selenium.support.pagefactory.internal.LocatingElementHandler.invoke(LocatingElementHandler.java:38)
at jdk.proxy2/jdk.proxy2.$Proxy28.getText(Unknown Source)
at pageObjectModel.EmployeeHealthElements.getConformationMessage(EmployeeHealthElements.java:92)
at testCase.TS_02_ValidationOfScheduling.validationOfThankYouMessage(TS_02_ValidationOfScheduling.java:108)
at java.base/jdk.internal.reflect.NativeMethodAccessorImpl.invoke0(Native Method)
at java.base/jdk.internal.reflect.NativeMethodAccessorImpl.invoke(NativeMethodAccessorImpl.java:77)
at java.base/jdk.internal.reflect.DelegatingMethodAccessorImpl.invoke(DelegatingMethodAccessorImpl.java:43)
at java.base/java.lang.reflect.Method.invoke(Method.java:568)
at org.testng.internal.invokers.MethodInvocationHelper.invokeMethod(MethodInvocationHelper.java:139)
at org.testng.internal.invokers.TestInvoker.invokeMethod(TestInvoker.java:664)
at org.testng.internal.invokers.TestInvoker.invokeTestMethod(TestInvoker.java:228)
at org.testng.internal.invokers.MethodRunner.runInSequence(MethodRunner.java:63)
at org.testng.internal.invokers.TestInvoker$MethodInvocationAgent.invoke(TestInvoker.java:961)
at org.testng.internal.invokers.TestInvoker.invokeTestMethods(TestInvoker.java:201)
at org.testng.internal.invokers.TestMethodWorker.invokeTestMethods(TestMethodWorker.java:148)
at org.testng.internal.invokers.TestMethodWorker.run(TestMethodWorker.java:128)
at java.base/java.util.concurrent.Executors$RunnableAdapter.call(Executors.java:539)
at java.base/java.util.concurrent.FutureTask.run(FutureTask.java:264)
at org.testng.internal.thread.graph.TestNGFutureTask.run(TestNGFutureTask.java:22)
at java.base/java.util.concurrent.ThreadPoolExecutor.runWorker(ThreadPoolExecutor.java:1136)
at java.base/java.util.concurrent.ThreadPoolExecutor$Worker.run(ThreadPoolExecutor.java:635)
at java.base/java.lang.Thread.run(Thread.java:840)
]]>
            </full-stacktrace>
          </exception> <!-- org.openqa.selenium.NoSuchElementException -->
          <reporter-output>
          </reporter-output>
        </test-method> <!-- validationOfThankYouMessage -->
        <test-method is-config="true" signature="tearDown()[pri:0, instance:testCase.TS_02_ValidationOfScheduling@51891008]" started-at="2024-04-08T16:36:21 IST" name="tearDown" finished-at="2024-04-08T16:36:24 IST" duration-ms="3195" status="PASS">
          <reporter-output>
          </reporter-output>
        </test-method> <!-- tearDown -->
      </class> <!-- testCase.TS_02_ValidationOfScheduling -->
      <class name="testRunner.Runner">
        <test-method is-config="true" signature="setUpClass(org.testng.ITestContext)[pri:0, instance:testRunner.Runner@14bdbc74]" started-at="2024-04-08T16:32:55 IST" name="setUpClass" finished-at="2024-04-08T16:32:55 IST" duration-ms="32" status="PASS">
          <params>
            <param index="0">
              <value>
                <![CDATA[org.testng.TestRunner@6650813a]]>
              </value>
            </param>
          </params>
          <reporter-output>
          </reporter-output>
        </test-method> <!-- setUpClass -->
        <test-method signature="runScenario(io.cucumber.testng.PickleWrapper,io.cucumber.testng.FeatureWrapper)[pri:0, instance:testRunner.Runner@14bdbc74]" started-at="2024-04-08T16:32:55 IST" name="runScenario" description="Runs Cucumber Scenarios" data-provider="scenarios" finished-at="2024-04-08T16:33:32 IST" duration-ms="37365" status="PASS">
          <params>
            <param index="0">
              <value>
                <![CDATA["Login-button Disabled"]]>
              </value>
            </param>
            <param index="1">
              <value>
                <![CDATA["Validation of Schedule a Demo Form"]]>
              </value>
            </param>
          </params>
          <reporter-output>
          </reporter-output>
        </test-method> <!-- runScenario -->
        <test-method signature="runScenario(io.cucumber.testng.PickleWrapper,io.cucumber.testng.FeatureWrapper)[pri:0, instance:testRunner.Runner@14bdbc74]" started-at="2024-04-08T16:33:32 IST" name="runScenario" description="Runs Cucumber Scenarios" data-provider="scenarios" finished-at="2024-04-08T16:34:14 IST" duration-ms="41704" status="PASS">
          <params>
            <param index="0">
              <value>
                <![CDATA["Login-button Disabled"]]>
              </value>
            </param>
            <param index="1">
              <value>
                <![CDATA["Validation of Schedule a Demo Form"]]>
              </value>
            </param>
          </params>
          <reporter-output>
          </reporter-output>
        </test-method> <!-- runScenario -->
        <test-method signature="runScenario(io.cucumber.testng.PickleWrapper,io.cucumber.testng.FeatureWrapper)[pri:0, instance:testRunner.Runner@14bdbc74]" started-at="2024-04-08T16:34:14 IST" name="runScenario" description="Runs Cucumber Scenarios" data-provider="scenarios" finished-at="2024-04-08T16:34:46 IST" duration-ms="31970" status="PASS">
          <params>
            <param index="0">
              <value>
                <![CDATA["Login-button Disabled"]]>
              </value>
            </param>
            <param index="1">
              <value>
                <![CDATA["Validation of Schedule a Demo Form"]]>
              </value>
            </param>
          </params>
          <reporter-output>
          </reporter-output>
        </test-method> <!-- runScenario -->
        <test-method signature="runScenario(io.cucumber.testng.PickleWrapper,io.cucumber.testng.FeatureWrapper)[pri:0, instance:testRunner.Runner@14bdbc74]" started-at="2024-04-08T16:34:46 IST" name="runScenario" description="Runs Cucumber Scenarios" data-provider="scenarios" finished-at="2024-04-08T16:35:51 IST" duration-ms="65232" status="FAIL">
          <params>
            <param index="0">
              <value>
                <![CDATA["Login-button enabled"]]>
              </value>
            </param>
            <param index="1">
              <value>
                <![CDATA["Validation of Schedule a Demo Form"]]>
              </value>
            </param>
          </params>
          <exception class="org.openqa.selenium.NoSuchElementException">
            <message>
              <![CDATA[no such element: Unable to locate element: {"method":"xpath","selector":"//div[@class='u-text--bold text-alpha']"}
  (Session info: chrome=120.0.6099.130)
For documentation on this error, please visit: https://www.selenium.dev/documentation/webdriver/troubleshooting/errors#no-such-element-exception
Build info: version: '4.19.1', revision: 'abe0ee07dc'
System info: os.name: 'Windows 11', os.arch: 'amd64', os.version: '10.0', java.version: '17.0.9'
Driver info: org.openqa.selenium.chrome.ChromeDriver
Command: [e0d40af6982531f3074c699341e56943, findElement {value=//div[@class='u-text--bold text-alpha'], using=xpath}]
Capabilities {acceptInsecureCerts: false, browserName: chrome, browserVersion: 120.0.6099.130, chrome: {chromedriverVersion: 120.0.6099.109 (3419140ab66..., userDataDir: C:\WINDOWS\SystemTemp\scope...}, fedcm:accounts: true, goog:chromeOptions: {debuggerAddress: localhost:57091}, networkConnectionEnabled: false, pageLoadStrategy: normal, platformName: windows, proxy: Proxy(), se:cdp: ws://localhost:57091/devtoo..., se:cdpVersion: 120.0.6099.130, setWindowRect: true, strictFileInteractability: false, timeouts: {implicit: 0, pageLoad: 300000, script: 30000}, unhandledPromptBehavior: dismiss and notify, webauthn:extension:credBlob: true, webauthn:extension:largeBlob: true, webauthn:extension:minPinLength: true, webauthn:extension:prf: true, webauthn:virtualAuthenticators: true}
Session ID: e0d40af6982531f3074c699341e56943]]>
            </message>
            <full-stacktrace>
              <![CDATA[org.openqa.selenium.NoSuchElementException: no such element: Unable to locate element: {"method":"xpath","selector":"//div[@class='u-text--bold text-alpha']"}
  (Session info: chrome=120.0.6099.130)
For documentation on this error, please visit: https://www.selenium.dev/documentation/webdriver/troubleshooting/errors#no-such-element-exception
Build info: version: '4.19.1', revision: 'abe0ee07dc'
System info: os.name: 'Windows 11', os.arch: 'amd64', os.version: '10.0', java.version: '17.0.9'
Driver info: org.openqa.selenium.chrome.ChromeDriver
Command: [e0d40af6982531f3074c699341e56943, findElement {value=//div[@class='u-text--bold text-alpha'], using=xpath}]
Capabilities {acceptInsecureCerts: false, browserName: chrome, browserVersion: 120.0.6099.130, chrome: {chromedriverVersion: 120.0.6099.109 (3419140ab66..., userDataDir: C:\WINDOWS\SystemTemp\scope...}, fedcm:accounts: true, goog:chromeOptions: {debuggerAddress: localhost:57091}, networkConnectionEnabled: false, pageLoadStrategy: normal, platformName: windows, proxy: Proxy(), se:cdp: ws://localhost:57091/devtoo..., se:cdpVersion: 120.0.6099.130, setWindowRect: true, strictFileInteractability: false, timeouts: {implicit: 0, pageLoad: 300000, script: 30000}, unhandledPromptBehavior: dismiss and notify, webauthn:extension:credBlob: true, webauthn:extension:largeBlob: true, webauthn:extension:minPinLength: true, webauthn:extension:prf: true, webauthn:virtualAuthenticators: true}
Session ID: e0d40af6982531f3074c699341e56943
at java.base/jdk.internal.reflect.NativeConstructorAccessorImpl.newInstance0(Native Method)
at java.base/jdk.internal.reflect.NativeConstructorAccessorImpl.newInstance(NativeConstructorAccessorImpl.java:77)
at java.base/jdk.internal.reflect.DelegatingConstructorAccessorImpl.newInstance(DelegatingConstructorAccessorImpl.java:45)
at java.base/java.lang.reflect.Constructor.newInstanceWithCaller(Constructor.java:499)
at java.base/java.lang.reflect.Constructor.newInstance(Constructor.java:480)
at org.openqa.selenium.remote.ErrorCodec.decode(ErrorCodec.java:167)
at org.openqa.selenium.remote.codec.w3c.W3CHttpResponseCodec.decode(W3CHttpResponseCodec.java:138)
at org.openqa.selenium.remote.codec.w3c.W3CHttpResponseCodec.decode(W3CHttpResponseCodec.java:50)
at org.openqa.selenium.remote.HttpCommandExecutor.execute(HttpCommandExecutor.java:190)
at org.openqa.selenium.remote.service.DriverCommandExecutor.invokeExecute(DriverCommandExecutor.java:216)
at org.openqa.selenium.remote.service.DriverCommandExecutor.execute(DriverCommandExecutor.java:174)
at org.openqa.selenium.remote.RemoteWebDriver.execute(RemoteWebDriver.java:518)
at org.openqa.selenium.remote.ElementLocation$ElementFinder$2.findElement(ElementLocation.java:165)
at org.openqa.selenium.remote.ElementLocation.findElement(ElementLocation.java:59)
at org.openqa.selenium.remote.RemoteWebDriver.findElement(RemoteWebDriver.java:355)
at org.openqa.selenium.remote.RemoteWebDriver.findElement(RemoteWebDriver.java:349)
at org.openqa.selenium.support.pagefactory.DefaultElementLocator.findElement(DefaultElementLocator.java:68)
at org.openqa.selenium.support.pagefactory.internal.LocatingElementHandler.invoke(LocatingElementHandler.java:38)
at jdk.proxy2/jdk.proxy2.$Proxy28.getText(Unknown Source)
at pageObjectModel.EmployeeHealthElements.getConformationMessage(EmployeeHealthElements.java:92)
at steps.testSteps.loginButtonShouldBeEnabeld(testSteps.java:77)
at .Login button should be enabeld(file:///C:/Users/2318922/OneDrive%20-%20Cognizant/Project/FindingHospitals/src/test/java/features/Schedule.feature:26)
]]>
            </full-stacktrace>
          </exception> <!-- org.openqa.selenium.NoSuchElementException -->
          <reporter-output>
          </reporter-output>
        </test-method> <!-- runScenario -->
        <test-method is-config="true" signature="tearDownClass()[pri:0, instance:testRunner.Runner@14bdbc74]" started-at="2024-04-08T16:35:51 IST" name="tearDownClass" finished-at="2024-04-08T16:35:51 IST" duration-ms="14" status="PASS">
          <reporter-output>
          </reporter-output>
        </test-method> <!-- tearDownClass -->
      </class> <!-- testRunner.Runner -->
      <class name="testCase.TS_03_ValidationSergeriesPage">
        <test-method is-config="true" signature="beforeMethod(java.lang.String)[pri:0, instance:testCase.TS_03_ValidationSergeriesPage@2f953efd]" started-at="2024-04-08T16:32:55 IST" name="beforeMethod" finished-at="2024-04-08T16:33:08 IST" duration-ms="12506" status="PASS">
          <params>
            <param index="0">
              <value>
                <![CDATA[Edge]]>
              </value>
            </param>
          </params>
          <reporter-output>
          </reporter-output>
        </test-method> <!-- beforeMethod -->
        <test-method signature="contactDetails()[pri:11, instance:testCase.TS_03_ValidationSergeriesPage@2f953efd]" started-at="2024-04-08T16:33:08 IST" name="contactDetails" finished-at="2024-04-08T16:33:11 IST" duration-ms="3819" status="PASS">
          <reporter-output>
          </reporter-output>
        </test-method> <!-- contactDetails -->
        <test-method is-config="true" signature="tearDown()[pri:0, instance:testCase.TS_03_ValidationSergeriesPage@2f953efd]" started-at="2024-04-08T16:33:11 IST" name="tearDown" finished-at="2024-04-08T16:33:18 IST" duration-ms="6155" status="PASS">
          <reporter-output>
          </reporter-output>
        </test-method> <!-- tearDown -->
        <test-method is-config="true" signature="beforeMethod(java.lang.String)[pri:0, instance:testCase.TS_03_ValidationSergeriesPage@2f953efd]" started-at="2024-04-08T16:33:18 IST" name="beforeMethod" finished-at="2024-04-08T16:33:31 IST" duration-ms="13108" status="PASS">
          <params>
            <param index="0">
              <value>
                <![CDATA[Edge]]>
              </value>
            </param>
          </params>
          <reporter-output>
          </reporter-output>
        </test-method> <!-- beforeMethod -->
        <test-method signature="practoCareBenifits()[pri:12, instance:testCase.TS_03_ValidationSergeriesPage@2f953efd]" started-at="2024-04-08T16:33:31 IST" name="practoCareBenifits" finished-at="2024-04-08T16:33:32 IST" duration-ms="1849" status="PASS">
          <reporter-output>
          </reporter-output>
        </test-method> <!-- practoCareBenifits -->
        <test-method is-config="true" signature="tearDown()[pri:0, instance:testCase.TS_03_ValidationSergeriesPage@2f953efd]" started-at="2024-04-08T16:33:32 IST" name="tearDown" finished-at="2024-04-08T16:33:36 IST" duration-ms="3330" status="PASS">
          <reporter-output>
          </reporter-output>
        </test-method> <!-- tearDown -->
        <test-method is-config="true" signature="beforeMethod(java.lang.String)[pri:0, instance:testCase.TS_03_ValidationSergeriesPage@2f953efd]" started-at="2024-04-08T16:33:36 IST" name="beforeMethod" finished-at="2024-04-08T16:33:50 IST" duration-ms="14274" status="PASS">
          <params>
            <param index="0">
              <value>
                <![CDATA[Edge]]>
              </value>
            </param>
          </params>
          <reporter-output>
          </reporter-output>
        </test-method> <!-- beforeMethod -->
        <test-method signature="howItWorks()[pri:13, instance:testCase.TS_03_ValidationSergeriesPage@2f953efd]" started-at="2024-04-08T16:33:50 IST" name="howItWorks" finished-at="2024-04-08T16:33:56 IST" duration-ms="6150" status="PASS">
          <reporter-output>
          </reporter-output>
        </test-method> <!-- howItWorks -->
        <test-method is-config="true" signature="tearDown()[pri:0, instance:testCase.TS_03_ValidationSergeriesPage@2f953efd]" started-at="2024-04-08T16:33:56 IST" name="tearDown" finished-at="2024-04-08T16:34:00 IST" duration-ms="4085" status="PASS">
          <reporter-output>
          </reporter-output>
        </test-method> <!-- tearDown -->
        <test-method is-config="true" signature="beforeMethod(java.lang.String)[pri:0, instance:testCase.TS_03_ValidationSergeriesPage@2f953efd]" started-at="2024-04-08T16:34:00 IST" name="beforeMethod" finished-at="2024-04-08T16:34:13 IST" duration-ms="12913" status="PASS">
          <params>
            <param index="0">
              <value>
                <![CDATA[Edge]]>
              </value>
            </param>
          </params>
          <reporter-output>
          </reporter-output>
        </test-method> <!-- beforeMethod -->
        <test-method signature="allSurgeries()[pri:14, instance:testCase.TS_03_ValidationSergeriesPage@2f953efd]" started-at="2024-04-08T16:34:13 IST" name="allSurgeries" finished-at="2024-04-08T16:34:18 IST" duration-ms="5007" status="PASS">
          <reporter-output>
          </reporter-output>
        </test-method> <!-- allSurgeries -->
        <test-method is-config="true" signature="tearDown()[pri:0, instance:testCase.TS_03_ValidationSergeriesPage@2f953efd]" started-at="2024-04-08T16:34:18 IST" name="tearDown" finished-at="2024-04-08T16:34:23 IST" duration-ms="4913" status="PASS">
          <reporter-output>
          </reporter-output>
        </test-method> <!-- tearDown -->
        <test-method is-config="true" signature="beforeMethod(java.lang.String)[pri:0, instance:testCase.TS_03_ValidationSergeriesPage@2f953efd]" started-at="2024-04-08T16:34:23 IST" name="beforeMethod" finished-at="2024-04-08T16:34:37 IST" duration-ms="13522" status="PASS">
          <params>
            <param index="0">
              <value>
                <![CDATA[Edge]]>
              </value>
            </param>
          </params>
          <reporter-output>
          </reporter-output>
        </test-method> <!-- beforeMethod -->
        <test-method signature="allDepartment()[pri:15, instance:testCase.TS_03_ValidationSergeriesPage@2f953efd]" started-at="2024-04-08T16:34:37 IST" name="allDepartment" finished-at="2024-04-08T16:34:42 IST" duration-ms="5248" status="PASS">
          <reporter-output>
          </reporter-output>
        </test-method> <!-- allDepartment -->
        <test-method is-config="true" signature="tearDown()[pri:0, instance:testCase.TS_03_ValidationSergeriesPage@2f953efd]" started-at="2024-04-08T16:34:42 IST" name="tearDown" finished-at="2024-04-08T16:34:46 IST" duration-ms="4194" status="PASS">
          <reporter-output>
          </reporter-output>
        </test-method> <!-- tearDown -->
      </class> <!-- testCase.TS_03_ValidationSergeriesPage -->
      <class name="testCase.TS_05_ValidationOfSearchPage">
        <test-method is-config="true" signature="beforeMethod(java.lang.String)[pri:0, instance:testCase.TS_05_ValidationOfSearchPage@d2de489]" started-at="2024-04-08T16:34:24 IST" name="beforeMethod" finished-at="2024-04-08T16:34:37 IST" duration-ms="12229" status="PASS">
          <params>
            <param index="0">
              <value>
                <![CDATA[Edge]]>
              </value>
            </param>
          </params>
          <reporter-output>
          </reporter-output>
        </test-method> <!-- beforeMethod -->
        <test-method signature="dropDownVerification()[pri:21, instance:testCase.TS_05_ValidationOfSearchPage@d2de489]" started-at="2024-04-08T16:34:37 IST" name="dropDownVerification" finished-at="2024-04-08T16:35:03 IST" duration-ms="25854" status="PASS">
          <reporter-output>
          </reporter-output>
        </test-method> <!-- dropDownVerification -->
        <test-method is-config="true" signature="tearDown()[pri:0, instance:testCase.TS_05_ValidationOfSearchPage@d2de489]" started-at="2024-04-08T16:35:03 IST" name="tearDown" finished-at="2024-04-08T16:35:06 IST" duration-ms="3814" status="PASS">
          <reporter-output>
          </reporter-output>
        </test-method> <!-- tearDown -->
        <test-method is-config="true" signature="beforeMethod(java.lang.String)[pri:0, instance:testCase.TS_05_ValidationOfSearchPage@d2de489]" started-at="2024-04-08T16:35:06 IST" name="beforeMethod" finished-at="2024-04-08T16:35:13 IST" duration-ms="6528" status="PASS">
          <params>
            <param index="0">
              <value>
                <![CDATA[Edge]]>
              </value>
            </param>
          </params>
          <reporter-output>
          </reporter-output>
        </test-method> <!-- beforeMethod -->
        <test-method signature="professionVerification()[pri:22, instance:testCase.TS_05_ValidationOfSearchPage@d2de489]" started-at="2024-04-08T16:35:13 IST" name="professionVerification" finished-at="2024-04-08T16:35:35 IST" duration-ms="22177" status="PASS">
          <reporter-output>
          </reporter-output>
        </test-method> <!-- professionVerification -->
        <test-method is-config="true" signature="tearDown()[pri:0, instance:testCase.TS_05_ValidationOfSearchPage@d2de489]" started-at="2024-04-08T16:35:35 IST" name="tearDown" finished-at="2024-04-08T16:35:39 IST" duration-ms="3932" status="PASS">
          <reporter-output>
          </reporter-output>
        </test-method> <!-- tearDown -->
        <test-method is-config="true" signature="beforeMethod(java.lang.String)[pri:0, instance:testCase.TS_05_ValidationOfSearchPage@d2de489]" started-at="2024-04-08T16:35:39 IST" name="beforeMethod" finished-at="2024-04-08T16:35:45 IST" duration-ms="5554" status="PASS">
          <params>
            <param index="0">
              <value>
                <![CDATA[Edge]]>
              </value>
            </param>
          </params>
          <reporter-output>
          </reporter-output>
        </test-method> <!-- beforeMethod -->
        <test-method signature="professionValidation()[pri:23, instance:testCase.TS_05_ValidationOfSearchPage@d2de489]" started-at="2024-04-08T16:35:45 IST" name="professionValidation" finished-at="2024-04-08T16:35:51 IST" duration-ms="6118" status="PASS">
          <reporter-output>
          </reporter-output>
        </test-method> <!-- professionValidation -->
        <test-method is-config="true" signature="tearDown()[pri:0, instance:testCase.TS_05_ValidationOfSearchPage@d2de489]" started-at="2024-04-08T16:35:51 IST" name="tearDown" finished-at="2024-04-08T16:35:55 IST" duration-ms="3915" status="PASS">
          <reporter-output>
          </reporter-output>
        </test-method> <!-- tearDown -->
        <test-method is-config="true" signature="beforeMethod(java.lang.String)[pri:0, instance:testCase.TS_05_ValidationOfSearchPage@d2de489]" started-at="2024-04-08T16:35:55 IST" name="beforeMethod" finished-at="2024-04-08T16:36:01 IST" duration-ms="6043" status="PASS">
          <params>
            <param index="0">
              <value>
                <![CDATA[Edge]]>
              </value>
            </param>
          </params>
          <reporter-output>
          </reporter-output>
        </test-method> <!-- beforeMethod -->
        <test-method signature="userVerification()[pri:24, instance:testCase.TS_05_ValidationOfSearchPage@d2de489]" started-at="2024-04-08T16:36:01 IST" name="userVerification" finished-at="2024-04-08T16:36:06 IST" duration-ms="5703" status="PASS">
          <reporter-output>
          </reporter-output>
        </test-method> <!-- userVerification -->
        <test-method is-config="true" signature="tearDown()[pri:0, instance:testCase.TS_05_ValidationOfSearchPage@d2de489]" started-at="2024-04-08T16:36:06 IST" name="tearDown" finished-at="2024-04-08T16:36:11 IST" duration-ms="4146" status="PASS">
          <reporter-output>
          </reporter-output>
        </test-method> <!-- tearDown -->
        <test-method is-config="true" signature="beforeMethod(java.lang.String)[pri:0, instance:testCase.TS_05_ValidationOfSearchPage@d2de489]" started-at="2024-04-08T16:36:11 IST" name="beforeMethod" finished-at="2024-04-08T16:36:17 IST" duration-ms="6182" status="PASS">
          <params>
            <param index="0">
              <value>
                <![CDATA[Edge]]>
              </value>
            </param>
          </params>
          <reporter-output>
          </reporter-output>
        </test-method> <!-- beforeMethod -->
        <test-method signature="verifyLocation()[pri:25, instance:testCase.TS_05_ValidationOfSearchPage@d2de489]" started-at="2024-04-08T16:36:17 IST" name="verifyLocation" finished-at="2024-04-08T16:36:26 IST" duration-ms="9472" status="PASS">
          <reporter-output>
          </reporter-output>
        </test-method> <!-- verifyLocation -->
        <test-method is-config="true" signature="tearDown()[pri:0, instance:testCase.TS_05_ValidationOfSearchPage@d2de489]" started-at="2024-04-08T16:36:26 IST" name="tearDown" finished-at="2024-04-08T16:36:30 IST" duration-ms="4213" status="PASS">
          <reporter-output>
          </reporter-output>
        </test-method> <!-- tearDown -->
      </class> <!-- testCase.TS_05_ValidationOfSearchPage -->
      <class name="testCase.TS_01_ValidationOfHomePage">
        <test-method is-config="true" signature="beforeSuite()[pri:0, instance:testCase.TS_01_ValidationOfHomePage@2254127a]" started-at="2024-04-08T16:29:33 IST" name="beforeSuite" finished-at="2024-04-08T16:29:33 IST" duration-ms="17" status="PASS">
          <reporter-output>
          </reporter-output>
        </test-method> <!-- beforeSuite -->
        <test-method is-config="true" signature="beforeMethod(java.lang.String)[pri:0, instance:testCase.TS_01_ValidationOfHomePage@2254127a]" started-at="2024-04-08T16:32:55 IST" name="beforeMethod" finished-at="2024-04-08T16:33:10 IST" duration-ms="14538" status="PASS">
          <params>
            <param index="0">
              <value>
                <![CDATA[Edge]]>
              </value>
            </param>
          </params>
          <reporter-output>
          </reporter-output>
        </test-method> <!-- beforeMethod -->
        <test-method signature="logoValidation()[pri:1, instance:testCase.TS_01_ValidationOfHomePage@2254127a]" started-at="2024-04-08T16:33:10 IST" name="logoValidation" finished-at="2024-04-08T16:33:10 IST" duration-ms="553" status="PASS">
          <reporter-output>
          </reporter-output>
        </test-method> <!-- logoValidation -->
        <test-method is-config="true" signature="tearDown()[pri:0, instance:testCase.TS_01_ValidationOfHomePage@2254127a]" started-at="2024-04-08T16:33:10 IST" name="tearDown" finished-at="2024-04-08T16:33:16 IST" duration-ms="5552" status="PASS">
          <reporter-output>
          </reporter-output>
        </test-method> <!-- tearDown -->
        <test-method is-config="true" signature="beforeMethod(java.lang.String)[pri:0, instance:testCase.TS_01_ValidationOfHomePage@2254127a]" started-at="2024-04-08T16:33:16 IST" name="beforeMethod" finished-at="2024-04-08T16:33:27 IST" duration-ms="10843" status="PASS">
          <params>
            <param index="0">
              <value>
                <![CDATA[Edge]]>
              </value>
            </param>
          </params>
          <reporter-output>
          </reporter-output>
        </test-method> <!-- beforeMethod -->
        <test-method signature="downloadValidation()[pri:2, instance:testCase.TS_01_ValidationOfHomePage@2254127a]" started-at="2024-04-08T16:33:27 IST" name="downloadValidation" finished-at="2024-04-08T16:33:28 IST" duration-ms="1028" status="PASS">
          <reporter-output>
          </reporter-output>
        </test-method> <!-- downloadValidation -->
        <test-method is-config="true" signature="tearDown()[pri:0, instance:testCase.TS_01_ValidationOfHomePage@2254127a]" started-at="2024-04-08T16:33:28 IST" name="tearDown" finished-at="2024-04-08T16:33:33 IST" duration-ms="5187" status="PASS">
          <reporter-output>
          </reporter-output>
        </test-method> <!-- tearDown -->
        <test-method is-config="true" signature="beforeMethod(java.lang.String)[pri:0, instance:testCase.TS_01_ValidationOfHomePage@2254127a]" started-at="2024-04-08T16:33:33 IST" name="beforeMethod" finished-at="2024-04-08T16:33:47 IST" duration-ms="14105" status="PASS">
          <params>
            <param index="0">
              <value>
                <![CDATA[Edge]]>
              </value>
            </param>
          </params>
          <reporter-output>
          </reporter-output>
        </test-method> <!-- beforeMethod -->
        <test-method signature="copyRightValidation()[pri:3, instance:testCase.TS_01_ValidationOfHomePage@2254127a]" started-at="2024-04-08T16:33:47 IST" name="copyRightValidation" finished-at="2024-04-08T16:33:47 IST" duration-ms="205" status="PASS">
          <reporter-output>
          </reporter-output>
        </test-method> <!-- copyRightValidation -->
        <test-method is-config="true" signature="tearDown()[pri:0, instance:testCase.TS_01_ValidationOfHomePage@2254127a]" started-at="2024-04-08T16:33:47 IST" name="tearDown" finished-at="2024-04-08T16:33:50 IST" duration-ms="2810" status="PASS">
          <reporter-output>
          </reporter-output>
        </test-method> <!-- tearDown -->
        <test-method is-config="true" signature="beforeMethod(java.lang.String)[pri:0, instance:testCase.TS_01_ValidationOfHomePage@2254127a]" started-at="2024-04-08T16:33:50 IST" name="beforeMethod" finished-at="2024-04-08T16:34:01 IST" duration-ms="11613" status="PASS">
          <params>
            <param index="0">
              <value>
                <![CDATA[Edge]]>
              </value>
            </param>
          </params>
          <reporter-output>
          </reporter-output>
        </test-method> <!-- beforeMethod -->
        <test-method signature="loginValidation()[pri:4, instance:testCase.TS_01_ValidationOfHomePage@2254127a]" started-at="2024-04-08T16:34:01 IST" name="loginValidation" finished-at="2024-04-08T16:34:02 IST" duration-ms="226" status="PASS">
          <reporter-output>
          </reporter-output>
        </test-method> <!-- loginValidation -->
        <test-method is-config="true" signature="tearDown()[pri:0, instance:testCase.TS_01_ValidationOfHomePage@2254127a]" started-at="2024-04-08T16:34:02 IST" name="tearDown" finished-at="2024-04-08T16:34:05 IST" duration-ms="2954" status="PASS">
          <reporter-output>
          </reporter-output>
        </test-method> <!-- tearDown -->
        <test-method is-config="true" signature="beforeMethod(java.lang.String)[pri:0, instance:testCase.TS_01_ValidationOfHomePage@2254127a]" started-at="2024-04-08T16:34:05 IST" name="beforeMethod" finished-at="2024-04-08T16:34:21 IST" duration-ms="15866" status="PASS">
          <params>
            <param index="0">
              <value>
                <![CDATA[Edge]]>
              </value>
            </param>
          </params>
          <reporter-output>
          </reporter-output>
        </test-method> <!-- beforeMethod -->
        <test-method signature="functionalityValidation()[pri:5, instance:testCase.TS_01_ValidationOfHomePage@2254127a]" started-at="2024-04-08T16:34:21 IST" name="functionalityValidation" finished-at="2024-04-08T16:34:21 IST" duration-ms="541" status="PASS">
          <reporter-output>
          </reporter-output>
        </test-method> <!-- functionalityValidation -->
        <test-method is-config="true" signature="tearDown()[pri:0, instance:testCase.TS_01_ValidationOfHomePage@2254127a]" started-at="2024-04-08T16:34:21 IST" name="tearDown" finished-at="2024-04-08T16:34:24 IST" duration-ms="3391" status="PASS">
          <reporter-output>
          </reporter-output>
        </test-method> <!-- tearDown -->
      </class> <!-- testCase.TS_01_ValidationOfHomePage -->
    </test> <!-- EdgeTest -->
  </suite> <!-- Suite -->
</testng-results>
